MPASM 5.55  /HOME/GILSON/MPLABXPROJECTS/BASC   3-24-2014  6:19:07         PAGE  1


LOC  OBJECT CODE     LINE SOURCE TEXT
  VALUE

                      00001 #include <p16f684.inc>
                      00001         LIST
                      00002 
                      00003 ;==========================================================================
                      00004 ;  MPASM PIC16F684 processor include
                      00005 ; 
                      00006 ;  (c) Copyright 1999-2014 Microchip Technology, All rights reserved
                      00007 ;==========================================================================
                      00008 
                      00523         LIST
                      00002 
2007   3FF4           00003  __CONFIG _FOSC_INTOSCIO & _WDTE_OFF & _PWRTE_OFF & _MCLRE_ON & _CP_OFF & _CPD_OFF & _BOREN_ON & _IESO_O
                            N & _FCMEN_ON
                      00004 
                      00005     errorlevel  -302                ; suppress message 302 from list file
                      00006 
  00000000            00007 ADDR_EE_POS EQU 0x00
  00000002            00008 IrDAb       EQU RA2
  00000005            00009 IrDAp       EQU PORTA
  00000001            00010 DEVICE      EQU 0X01    ; MODO TV DO CONTROLE SONY RMT-V297C
                      00011 
  00000020            00012 STACK_BASE  EQU 0X20
  0000006F            00013 STACK_LIMIT EQU 0X6F
                      00014 
                      00015 
                      00016 INT_VAR     UDATA_SHR
0000                  00017 w_temp      res 1   ; armazena backup do acumulador
0001                  00018 w_bk        res 1
0002                  00019 status_temp res 1
0003                  00020 pos_value   res 1   ; 0 desligado, outros define o nível de luminosidade
0004                  00021 motor_pos   res 1
                      00022 
0005                  00023 IrDA_bits   res 1
0006                  00024 IrDA_discard res 1
0007                  00025 IrDA_DATA   res 3
000A                  00026 IrDA_comand res 1
000B                  00027 IrDA_device res 1
                      00028 
000C                  00029 record_data res 1
000D                  00030 record_addr res 1
                      00031 
                      00032 RESET_VECTOR    CODE    0x0000     ; processor reset vector
0000   2???           00033         goto    start              ; go to beginning of program
                      00034 
                      00035 
                      00036 ;============================================================================
                      00037 ; Seção de tratamento de interrupções
                      00038 ;
                      00039 ;   ESTA ESTRUTURA FOI UTILIZADA PARA NÃO PERMITIR CHAMADAS CONTINUAS DENTRO
                      00040 ;   DESTA FUNÇÃO CASO SEJA CHAMADO MAIS DE UMA INTERRUPÇÃO, SERVE PARA MANTER
                      00041 ;   A HIERARQUIA DE PROCESSAMENTO
                      00042 ;
                      00043 ;============================================================================
MPASM 5.55  /HOME/GILSON/MPLABXPROJECTS/BASC   3-24-2014  6:19:07         PAGE  2


LOC  OBJECT CODE     LINE SOURCE TEXT
  VALUE

                      00044 INT_VECTOR      CODE    0x0004     ; interrupt vector location
                      00045 
0004                  00046 INTERRUPT
0004   1018           00047         BCF     WDTCON, SWDTEN  ; DESTIVA O WATCH-DOG TIMER
0005   138B           00048         BCF     INTCON, GIE     ; DESABILITA INTERRUPÇÃO GLOBAL
                      00049 
0006   2???           00050         CALL    PUSHCTX
                      00051 
0007   188B           00052         BTFSC   INTCON, INTF    ; TESTA SE A INTERRUPÇÃO OCORREU PELA ENTRADA DO IrDA
0008   2???           00053         GOTO    IrDA_FALLING
0009   188C           00054         BTFSC   PIR1, TMR2IF    ; TESTA SE A INTERRUPÇÃO ACONTECEU PELO CONTADOR
000A   2???           00055         GOTO    IrDA_TIME
                      00056 
                      00057 
000B                  00058 END_INTERRUPT
000B   2???           00059         CALL    POPCTX
000C   178B           00060         BSF     INTCON, GIE     ; HABILITA INTERRUPÇÃO GLOBAL
000D   0009           00061         retfie                  ; return from interrupt
                      00062 
000E                  00063 IrDA_FALLING
000E   2???           00064         CALL    IrDA_FALL    ; CHAMA ROTINA DE TRATAMENTO DA RECEPÇÃO DO CONTROLE REMOTO
000F   2???           00065         GOTO    END_INTERRUPT
0010                  00066 IrDA_TIME
0010   2???           00067         CALL    IrDA_SAMPLER
0011   2???           00068         GOTO    END_INTERRUPT
                      00069 
                      00070 
                      00071 ;============================================================================
                      00072 ; boostrap da máquina
                      00073 ;
                      00074 ;
                      00075 ;
                      00076 ;============================================================================
                      00077 
                      00078 MAIN    CODE
                      00079 
0000                  00080 start   ; PRÉ-SET DO AMBIENTE DE EXECUÇÃO
0000   018B           00081         CLRF    INTCON
                      00082 
0001   1683           00083         BSF     STATUS, RP0     ; APONTA PARA BLOCO 1
0002   3001           00084         MOVLW   b'00000001'
0003   0081           00085         MOVWF   OPTION_REG      ; DEFINE PRESCALER DO TIMER 0, COLOCA INT/RA2 EM FALLING EDGE
0004   301F           00086         MOVLW   0X1F            ; b'00011111'
0005   0085           00087         MOVWF   TRISA           ; DEFINE I/O DA PORTA A
0006   0187           00088         CLRF    TRISC           ; DEFINE PORTA C COMO SAÍDAS
0007   3008           00089         MOVLW   b'00001000'
0008   0091           00090         MOVWF   ANSEL           ; DEFINE AS PORTAS QUE SÃO ANALÓGICAS
0009   0196           00091         CLRF    IOCA
000A   3007           00092         MOVLW   0X07
000B   0095           00093         MOVWF   WPUA            ; DEFINE AS PORTAS QUE POSSUEM PULL-UP
                      00094         ;MOVLW   0X30
000C   3010           00095         MOVLW   0X10
000D   009F           00096         MOVWF   ADCON1          ; DEFINE OSCILADOR DEDICADO PARA O CONVERSOR A/D
MPASM 5.55  /HOME/GILSON/MPLABXPROJECTS/BASC   3-24-2014  6:19:07         PAGE  3


LOC  OBJECT CODE     LINE SOURCE TEXT
  VALUE

000E   3002           00097         MOVLW   b'00000010'
000F   008C           00098         MOVWF   PIE1            ; HABILITA INTERRUPÇÃO POR TIMER2
0010   30E1           00099         MOVLW   0XE1
0011   0092           00100         MOVWF   PR2             ; COLOCA 160 NO COMPARADOR DO TIMER 2 (IrDA) 2560 us EM 4MHz
                      00101 
                      00102 
0012   1283           00103         BCF     STATUS, RP0     ; APONTA PARA O BANCO 0
0013   0185           00104         CLRF    PORTA           ; INIT PORTA
0014   0187           00105         CLRF    PORTC
0015   3007           00106         MOVLW   0X07
0016   0099           00107         MOVWF   CMCON0          ; DESLIGA OS COMPARADORES
0017   300C           00108         MOVLW   0X0C
0018   009F           00109         MOVWF   ADCON0          ; HABILITA ENTRADA ANALÓGICA 3 E AJUSTA PARA SAIDA JUSTIFICADA A ESQUERD
                            A
0019   3016           00110         MOVLW   0X16
001A   0098           00111         MOVWF   WDTCON          ; AJUSTA PRESCALER DO WATCH-DOG PARA 1:65536 ~ 2 segundos
001B   018C           00112         CLRF    PIR1            ; ZERA FLAGS DE INTERRUPÇÕES DOS PERIFÉRICOS
                      00113 
                      00114 
001C   3050           00115         MOVLW   b'01010000'
001D   008B           00116         MOVWF   INTCON          ; HABILITA INT/RA2, PERIFÉRICOS
                      00117 
                      00118         ; Inicalização da RAM
                      00119         ;BTFSC   EECON1, WRERR   ; TESTA SE HOUVE ERRO DE GRAVAÇÃO DURANTE RESET
                      00120         ;CALL    RECORD_POSITION
                      00121         ;CALL    READ_POSITION
                      00122 
                      00123         ; Teste da interação
001E   3070           00124         MOVLW   0X70
001F   00??           00125         MOVWF   pos_value
                      00126         ;CALL    RECORD_POSITION
                      00127 
0020   2???           00128         CALL    INIT_IrDA
0021   3084           00129         MOVLW   0X84
0022   00??           00130         MOVWF   IrDA_device
                      00131 
                      00132 ;        CLRF    record_addr
0023   178B           00133         BSF     INTCON, GIE
                      00134 
0024   3020           00135         MOVLW   b'00100000'
0025   0685           00136         XORWF   PORTA, F
0026   3020           00137         MOVLW   0X20
0027   0084           00138         MOVWF   FSR
0028   3003           00139         MOVLW   0x03
                      00140 
0029                  00141 LOOP_MAIN   ; loop de execução continua
                      00142 
0029   2???           00143         GOTO    LOOP_MAIN
                      00144 
                      00145 ;============================================================================
                      00146 ;
                      00147 ; Seção com funções
                      00148 ;
MPASM 5.55  /HOME/GILSON/MPLABXPROJECTS/BASC   3-24-2014  6:19:07         PAGE  4


LOC  OBJECT CODE     LINE SOURCE TEXT
  VALUE

                      00149 ;
                      00150 ;============================================================================
                      00151 
                      00152 FUNCTIONS CODE
                      00153 
                      00154 ;============================================================================
                      00155 ;
                      00156 ;   FUNÇÕES PUSH-POP PARA IMPLEMENTAR UMA PILHA
                      00157 ;
                      00158 ;============================================================================
                      00159 
0000                  00160 PUSHW:      ; COLOCA O CONTEÚDO DE W NO TOPO DA PILHA
0000   0080           00161         MOVWF       INDF          ; COLOCA W NA PILHA
0001   0F84           00162         INCFSZ      FSR, F        ; INCREMENTA PONTEIRO SEM ALTERAR Z
0002   0008           00163         RETURN
                      00164 
0003                  00165 POPW:       ; REMOVE O TOPO DA PILHA E COLOCA EM W
0003   0B84           00166         DECFSZ      FSR, F      ; DECREMENTA PONTEIRO SEM ALTERAR ESTADOS
0004   0E80           00167         SWAPF       INDF, F
0005   0E00           00168         SWAPF       INDF, W     ; COLOCA TOPO DA PILHA EM W
0006   0008           00169         RETURN
                      00170 
0007                  00171 PUSHCTX:    ; SALVA CONTEXTO NA PILHA
0007   2???           00172         CALL    PUSHW           ; salva w
0008   0E03           00173         SWAPF   STATUS, W
0009   2???           00174         CALL    PUSHW           ; salva status
000A   0008           00175         RETURN
000B                  00176 POPCTX:     ; RECUPERA CONTEXTO DA PILHA
000B   2???           00177         CALL    POPW
000C   00??           00178         MOVWF   status_temp
000D   0E??           00179         SWAPF   status_temp, W   ; restaura status
000E   0083           00180         MOVWF   STATUS
000F   2???           00181         CALL    POPW        ; restaura w
0010   0008           00182         RETURN
                      00183 
                      00184 
                      00185 ;============================================================================
                      00186 ;
                      00187 ;   Delay de 1000 ciclos de clock de instrução
                      00188 ;
                      00189 ;     Presupõe que a interrupção de overflow do timer0 está desativada, caso
                      00190 ;   contrário o comportamento é imprevisível.
                      00191 ;
                      00192 ;     O timer utiliza um ajuste para se obter o consumo de 1000 ciclos desde
                      00193 ;   a instrução de chamada até o retorno na instrução seguinte
                      00194 ;
                      00195 ;==============================================================================
                      00196 
0011                  00197 DELAYms: ; com preescaler em 1:4 desde o call até o retorno gasta 1000 ciclos
                      00198 
                      00199         ; AJUSTA PARÂMETROS DO CONTADOR
                      00200         ;
                      00201         ; PRESCALER 1:4
MPASM 5.55  /HOME/GILSON/MPLABXPROJECTS/BASC   3-24-2014  6:19:07         PAGE  5


LOC  OBJECT CODE     LINE SOURCE TEXT
  VALUE

                      00202         ; INCREMENTA NA DESCIDA DO CLOCK
                      00203         ; USA O CLOCK DE INSTRUÇÃO COMO BATE DE TEMPO
                      00204         ;
0011   30C0           00205         MOVLW   b'11000000'
0012   0501           00206         ANDWF   OPTION_REG, W
0013   3801           00207         IORLW   b'00000001'
0014   0081           00208         MOVWF   OPTION_REG
                      00209 
                      00210 ;laço do timer
0015   300A           00211         MOVLW   0X0A                ; AJUSTA CONTADOR PARA GERAR A SAÍDA CORRETA
0016   0081           00212         MOVWF   TMR0                ; ATUALIZA CONTADOR
0017   110B           00213         BCF     INTCON, T0IF
0018   1D0B           00214         BTFSS   INTCON, T0IF
0019   2???           00215         GOTO $-1
001A   0008           00216     RETURN
                      00217 
                      00218 
                      00219 ;============================================================================
                      00220 ;
                      00221 ;   INICIALIZA ESTRUTURAS PARA RECEPÇÃO DE UM COMANDO DO CONTROLE REMOTO
                      00222 ;
                      00223 ;============================================================================
001B                  00224 INIT_IrDA:
001B   01??           00225         CLRF    IrDA_bits
001C   3011           00226         MOVLW   b'00010001'     ; PRESCALER 1:4 POSTSCALER 1:3
001D   0092           00227         MOVWF   T2CON
001E   0191           00228         CLRF    TMR2            ; ZERA CONTADOR
001F   0008           00229         RETURN
                      00230 
                      00231 ;============================================================================
                      00232 ;
                      00233 ; TRATAMENTO DA RECEPÇÃO DOS DADOS DO CONTROLE REMOTO
                      00234 ; PRESUPOE QUE TIMER 2 NÃO É USADO POR MAIS NINGUEM
                      00235 ;
                      00236 ;============================================================================
0020                  00237 IrDA_FALL:
0020   108B           00238         BCF     INTCON, INTF    ; ZERA O BIT DA INTERRUPÇÃO
0021   1A92           00239         BTFSC   T2CON, 5        ; TESTA SE É 1:5
0022   2???           00240         GOTO    IrDA_FALL_SAMPLE_1
                      00241 
0023   1912           00242         BTFSC   T2CON, TMR2ON
0024   2???           00243         GOTO    IrDA_FALL_ABORT
                      00244 
0025   1A12           00245         BTFSC   T2CON, 4        ; TESTA SE ESTA NO 1:3
0026   2???           00246         GOTO    IrDA_FALL_SAMPLE
                      00247 
0027                  00248 IrDA_FALL_ABORT
0027   2???           00249         CALL INIT_IrDA
0028   0008           00250         RETURN
                      00251 
0029                  00252 IrDA_FALL_SAMPLE_1
0029   1292           00253         BCF     T2CON, 5
002A                  00254 IrDA_FALL_SAMPLE
MPASM 5.55  /HOME/GILSON/MPLABXPROJECTS/BASC   3-24-2014  6:19:07         PAGE  6


LOC  OBJECT CODE     LINE SOURCE TEXT
  VALUE

002A   0191           00255         CLRF    TMR2
002B   1512           00256         BSF     T2CON, TMR2ON
002C   0008           00257         RETURN
                      00258 
                      00259 ;===========================================================================
                      00260 ;
                      00261 ;   ROTINA QUE TRATA DA LEITURA DO BIT DO IrDA NA PORTA
                      00262 ;   BYTE 0 - DEVICE
                      00263 ;   BYTE 1 - COMANDO
                      00264 ;   BYTE 2 - EXTENÇÃO (SÓ EM 20 BITS)
                      00265 ;
                      00266 ;   INTERRUPÇÃO DEVE CESSAR DEPOIS DE ALTERAR ESTADO DA MÁQUINA DE ESTADOS
                      00267 ;===========================================================================
                      00268 
002D                  00269 IrDA_SAMPLER:
                      00270 
002D   108C           00271         BCF     PIR1, TMR2IF    ; ZERA O BIT DA INTERRUPÇÃO
002E   1A92           00272         BTFSC   T2CON, 5        ; TESTA SE É 1:5
002F   2???           00273         GOTO    IrDA_SAMPLER_5  ; 1:5
0030   1E12           00274         BTFSS   T2CON, 4        ;TESTA DE É 1:3
0031   2???           00275         GOTO    IrDA_SAMPLER_1
0032   1D05           00276         BTFSS   IrDAp, IrDAb ; TESTA NÍVEL LÓGICO DA PORTA, DEVE SER ALTO
0033   2???           00277         GOTO    IrDA_SAMPLER_ABORT
0034   1212           00278         BCF     T2CON, 4
0035   2???           00279         GOTO    IrDA_SAMPLER_3
                      00280 
0036                  00281 IrDA_SAMPLER_1
0036   0A??           00282         INCF    IrDA_bits, F
                      00283 
0037   1003           00284         BCF     STATUS, C       ; INVERTE BIT VINDO DA LÓGICA
0038   1D05           00285         BTFSS   IrDAp, IrDAb
0039   1403           00286         BSF     STATUS, C
                      00287 
                      00288         ; COLOCA BIT NO ARRAY
003A   0C??           00289         RRF     IrDA_DATA, F
003B   0C??           00290         RRF     IrDA_DATA+1, F
003C   0C??           00291         RRF     IrDA_DATA+2, F
                      00292 
003D                  00293 IrDA_SAMPLER_3
003D   1692           00294         BSF     T2CON, 5    ; ATIVA POSTSCALER 1:5
003E   0191           00295         CLRF    TMR2
003F   0008           00296         RETURN
                      00297 
                      00298 
                      00299 ; PRESCALER DE 1:5
                      00300 ; ATINGIU O LIMITE DE TEMPO DE ESPERA
                      00301 ; VERIFICA SE A QUANTIDADE DE BITS SE ENQUADRA EM ALGUM PADRÃO
0040                  00302 IrDA_SAMPLER_5
                      00303 
0040   300C           00304         MOVLW   0X0C    ; 12 BITS
0041   06??           00305         XORWF   IrDA_bits, W
0042   1903           00306         BTFSC   STATUS, Z
0043   2???           00307         GOTO    IrDA_COMMAND_12_BITS
MPASM 5.55  /HOME/GILSON/MPLABXPROJECTS/BASC   3-24-2014  6:19:07         PAGE  7


LOC  OBJECT CODE     LINE SOURCE TEXT
  VALUE

                      00308 
0044   300F           00309         MOVLW   0X0F    ; 15 BITS
0045   06??           00310         XORWF   IrDA_bits, W
0046   1903           00311         BTFSC   STATUS, Z
0047   2???           00312         GOTO    IrDA_COMMAND_15_BITS
                      00313 
0048   3014           00314         MOVLW   0X14    ; 20 BITS
0049   06??           00315         XORWF   IrDA_bits, W
004A   1D03           00316         BTFSS   STATUS, Z
004B   2???           00317         CALL    IrDA_SAMPLER_ABORT
                      00318 
                      00319 ; INTERVALO DE CÓDIGO QUE CORRIGE POSIÇÃO DOS BITS
                      00320 
004C   08??           00321         MOVF    IrDA_DATA, W
004D   00??           00322         MOVWF   w_temp
004E   08??           00323         MOVF    IrDA_DATA+1, W
004F   00??           00324         MOVWF   IrDA_DATA
0050   08??           00325         MOVF    IrDA_DATA+2, W
0051   00??           00326         MOVWF   IrDA_DATA+1
0052   08??           00327         MOVF    w_temp, W
0053   00??           00328         MOVWF   IrDA_DATA+2
                      00329 
0054                  00330 IrDA_COMMAND_12_BITS
0054   30F0           00331         MOVLW   b'11110000'
0055   05??           00332         ANDWF   IrDA_DATA+1, F
0056   0C??           00333         RRF     IrDA_DATA, F
0057   0C??           00334         RRF     IrDA_DATA+1, F
0058   0C??           00335         RRF     IrDA_DATA, F
0059   0C??           00336         RRF     IrDA_DATA+1, F
005A   0C??           00337         RRF     IrDA_DATA, F
005B   0C??           00338         RRF     IrDA_DATA+1, F
                      00339 
005C                  00340 IrDA_COMMAND_15_BITS
                      00341 
005C   1003           00342         BCF     STATUS, C
005D   0C??           00343         RRF     IrDA_DATA+1, F
                      00344 
                      00345 ; FIM DAS CORREÇÕES DE POSIÇÃO
                      00346 
                      00347 
005E   08??           00348         MOVF    IrDA_DATA, W
005F   0601           00349         XORWF   DEVICE, W
0060   1D03           00350         BTFSS   STATUS, Z           ; testa dispositivo
0061   2???           00351         GOTO    IrDA_SAMPLER_ABORT
                      00352 
                      00353 
0062   03??           00354         DECF    IrDA_discard, F
0063   3003           00355         MOVLW   0x03
0064   05??           00356         ANDWF   IrDA_discard, F
0065   1D03           00357         BTFSS   STATUS, Z
0066   2???           00358         GOTO    IrDA_SAMPLER_ABORT  ; descarta envio triplo do controle
                      00359 
                      00360 
MPASM 5.55  /HOME/GILSON/MPLABXPROJECTS/BASC   3-24-2014  6:19:07         PAGE  8


LOC  OBJECT CODE     LINE SOURCE TEXT
  VALUE

                      00361         ;MOVF    IrDA_DATA+1, W
                      00362         ;XORWF   IrDA_comand, W
                      00363         ;BTFSC   STATUS, Z
                      00364         ;GOTO    IrDA_SAMPLER_ABORT  ; tratar manter precionada
                      00365 
                      00366         ;MOVF    IrDA_DATA+1, W
                      00367         ;MOVWF   IrDA_comand
                      00368 
0067   03??           00369         DECF    IrDA_discard, F
                      00370 
                      00371         ; LOCALIZAR AÇÃO NA TABELA
0068   08??           00372         MOVF    IrDA_DATA+1, W
0069   2???           00373         CALL    REMOTE_CONTROL_COMMANDS
006A   3800           00374         IORLW   0X00
006B   1903           00375         BTFSC   STATUS, Z ; TESTA SE EXISTE AÇÃO PARA ESTA TECLA
006C   2???           00376         GOTO    IrDA_SAMPLER_ABORT
                      00377 
006D   0082           00378         MOVWF   PCL
006E                  00379 RETORNO_DE_COMANDO
006E   1283           00380         BCF     STATUS, RP0
006F   3020           00381         MOVLW   b'00100000'
0070   0685           00382         XORWF   PORTA, F
                      00383 
0071                  00384 IrDA_SAMPLER_ABORT
0071   2???           00385         CALL    INIT_IrDA       ; INICIALIZA ESTRUTURAS
0072   0008           00386         RETURN
                      00387 
                      00388 
                      00389 
                      00390 ;=============================================================================
                      00391 ;
                      00392 ;   GERENCIA SEQUENCIA PARA LEITURA E GRAVAÇÃO NA EEPROM
                      00393 ;
                      00394 ;=============================================================================
                      00395 
0073                  00396 RECORD_EEPROM:
0073   138B           00397         BCF     INTCON, GIE     ; DESATIVA INTERRUPÇÃO GLOBAL
0074   1B8B           00398         BTFSC   INTCON, GIE     ; TESTA SE INTERRUPÇÃO FOI DESABILITADA
0075   2???           00399         GOTO    $-2             ; REPETE SE AINDA NÃO ESTÁ DESATIVADO
0076   1683           00400         BSF     STATUS, RP0     ; APONTA PARA BLOCO 1
0077   119C           00401         BCF     EECON1, WRERR   ; REMOVE MARCAÇÃO DE ERRO DE GRAVAÇÃO
0078   151C           00402         BSF     EECON1, WREN    ; HABILITA GRAVAÇÃO
                      00403         ;MOVF    pos_value, W   ; COLOCA O DADO NO REGISTRADOR DE DADOS
0079   009A           00404         MOVWF   EEDAT
007A   08??           00405         MOVF    record_addr, W     ; COLOCA A POSIÇÃO NO REGISTRADOR DE POSIÇÃO
007B   009B           00406         MOVWF   EEADR
                      00407         ; SEQUENCIA DE INICIALIZAÇÃO EXIGIDA PARA A GRAVAÇÃO NA EEPROM
007C   3055           00408         MOVLW   0X55
007D   009D           00409         MOVWF   EECON2
007E   30AA           00410         MOVLW   0XAA
007F   009D           00411         MOVWF   EECON2
0080   149C           00412         BSF     EECON1, WR      ; ATIVA GRAVAÇÃO
                      00413         ; FIM DA SEQUENCIA EXIGIDA
MPASM 5.55  /HOME/GILSON/MPLABXPROJECTS/BASC   3-24-2014  6:19:07         PAGE  9


LOC  OBJECT CODE     LINE SOURCE TEXT
  VALUE

0081   189C           00414         BTFSC   EECON1, WR      ; TESTA SE GRAVAÇÃO FOI CONCLUIDA
0082   2???           00415         GOTO $-1
0083   1283           00416         BCF     STATUS, RP0
0084   178B           00417         BSF     INTCON, GIE     ; HABILITA INTERRUPÇÃO GLOBAL
0085   0008           00418         RETURN
                      00419 
0086                  00420 READ_EEPROM:
0086   138B           00421         BCF     INTCON, GIE
0087   1683           00422         BSF     STATUS, RP0     ; APONTA PARA BLOCO 1
0088   3000           00423         MOVLW   ADDR_EE_POS
0089   009B           00424         MOVWF   EEADR
008A   141C           00425         BSF     EECON1, RD
008B   181C           00426         BTFSC   EECON1, RD
008C   2???           00427         GOTO    $-1
008D   081A           00428         MOVF    EEDAT, W
008E   00??           00429         MOVWF   pos_value
008F   1283           00430         BCF     STATUS, RP0
0090   178B           00431         BSF     INTCON, GIE
0091   0008           00432         RETURN
                      00433 
                      00434 ;=============================================================================
                      00435 ;
                      00436 ; Rotina que implementa a conversão A/D do sensor de luminosidade e permanece
                      00437 ; até que se atinja o nível de luminosidade desejado
                      00438 ;
                      00439 ;=============================================================================
0092                  00440 LDR_REFRESH:
0092   141F           00441         BSF     ADCON0, ADON        ; LIGA CONVERSOR A/D
0093   149F           00442         BSF     ADCON0, GO_NOT_DONE ; INICIA CONVERSÃO
                      00443 
0094                  00444 AD_DONE
0094   189F           00445         BTFSC   ADCON0, GO_NOT_DONE ; TESTA SE TERMINOU
0095   2???           00446         GOTO    AD_DONE
0096   081E           00447         MOVF    ADRESH, W           ; ARMAZENA O RESULTADO DA CONVERSÃO
                      00448 
0097   02??           00449         SUBWF   pos_value, W        ; COMPARA OS VALORES
0098   1903           00450         BTFSC   STATUS, Z           ; SE SÃO IGUAIS NÃO FAZ NADA
0099   2???           00451         GOTO    REFRESH_END
009A   149F           00452         BSF     ADCON0, GO_NOT_DONE ; INICIA NOVA CONVERSÃO
009B   1803           00453         BTFSC   STATUS, C
009C   2???           00454         CALL    MOTOR_DIRECT            ; sentido horário
009D   1C03           00455         BTFSS   STATUS, C
009E   2???           00456         CALL    MOTOR_REVERSE            ; sentido anti-horário
009F   2???           00457         CALL    DELAYms
00A0   2???           00458         GOTO    AD_DONE
                      00459 
00A1                  00460 REFRESH_END
00A1   101F           00461         BCF     ADCON0, ADON    ; DESLIGA CONVERSOR
00A2   2???           00462         CALL    MOTOR_OFF       ; REMOVE CONSUMO DE CORRENTE
00A3   0008           00463         RETURN
                      00464 
                      00465 ;=============================================================================
                      00466 ;
MPASM 5.55  /HOME/GILSON/MPLABXPROJECTS/BASC   3-24-2014  6:19:07         PAGE 10


LOC  OBJECT CODE     LINE SOURCE TEXT
  VALUE

                      00467 ;   GERENCIA O MOTOR DE PASSO CONECTADO AS SAÍDAS RC2~RC5
                      00468 
00A4                  00469 MOTOR_OFF:
00A4   01??           00470         CLRF    w_temp
00A5   2???           00471         GOTO    MOTOR_DO
00A6                  00472 MOTOR_DIRECT:
00A6   0A??           00473         INCF    motor_pos, F
00A7   2???           00474         GOTO    $+2
00A8                  00475 MOTOR_REVERSE:
00A8   03??           00476         DECF    motor_pos, F
                      00477 
00A9   08??           00478         MOVF    motor_pos, W
00AA   2???           00479         CALL    BIT_PATTERN
00AB   00??           00480         MOVWF   w_temp
                      00481 
00AC                  00482 MOTOR_DO
00AC   30C3           00483         MOVLW   b'11000011'
00AD   0507           00484         ANDWF   PORTC, W
00AE   04??           00485         IORWF   w_temp, W
00AF   0087           00486         MOVWF   PORTC
00B0   0008           00487         RETURN
                      00488 
                      00489 
                      00490 
                      00491 ;=============================================================================
                      00492 ;
                      00493 ;   RETORNA A POSIÇÃO ATUAL DO MOTOR NA TABELA
                      00494 ;
                      00495 ;   NÃO É UTIL NO MOMENTO POIS A POSIÇÃO DE PARADA É COM SAÍDA EM ZERO
                      00496 ;=============================================================================
00B1                  00497 MOTOR_STATE:
00B1   1E87           00498     BTFSS   PORTC, RC5
00B2   2???           00499     GOTO    MOTOR_STATE_ARM1
00B3   1907           00500     BTFSC   PORTC, RC2
00B4   3407           00501     RETLW   0X07
00B5   1E07           00502     BTFSS   PORTC, RC4
00B6   3406           00503     RETLW   0X06
00B7   3405           00504     RETLW   0X05
00B8                  00505 MOTOR_STATE_ARM1
00B8   1D87           00506     BTFSS   PORTC, RC3
00B9   2???           00507     GOTO    MOTOR_STATE_ARM2
00BA   1907           00508     BTFSC   PORTC, RC2
00BB   3401           00509     RETLW   0X01
00BC   1E07           00510     BTFSS   PORTC, RC4
00BD   3402           00511     RETLW   0X02
00BE   3403           00512     RETLW   0X03
00BF                  00513 MOTOR_STATE_ARM2
00BF   1E07           00514     BTFSS   PORTC, RC4
00C0   3400           00515     RETLW   0X00
00C1   3404           00516     RETLW   0X04
                      00517 
                      00518 ;=============================================================================
                      00519 ;
MPASM 5.55  /HOME/GILSON/MPLABXPROJECTS/BASC   3-24-2014  6:19:07         PAGE 11


LOC  OBJECT CODE     LINE SOURCE TEXT
  VALUE

                      00520 ;   padrão de ativação das bobinas do motor de passo para meio passo
                      00521 ;
                      00522 ;=============================================================================
                      00523 
00C2                  00524 BIT_PATTERN:
00C2   3907           00525     ANDLW   0X07        ; remove possíveis saltos para fora da tabela
00C3   0782           00526     ADDWF   PCL, F      ; move o PC para a posição desejada
00C4   3404           00527     RETLW b'00000100'   ; A
00C5   340C           00528     RETLW b'00001100'   ; A~B
00C6   3408           00529     RETLW b'00001000'   ; ~B
00C7   3418           00530     RETLW b'00011000'   ; ~A~B
00C8   3410           00531     RETLW b'00010000'   ; ~A
00C9   3430           00532     RETLW b'00110000'   ; ~AB
00CA   3420           00533     RETLW b'00100000'   ; B
00CB   3424           00534     RETLW b'00100100'   ; AB
                      00535 
                      00536 ;============================================================================
                      00537 ;
                      00538 ;   CONTROLE REMOTO SONY RMT-V297C
                      00539 ;
                      00540 ;   CÓDIGO DE DISPOSITIVO
                      00541 ;   TV
                      00542 ;   SIRC12  00001
                      00543 ;
                      00544 ;   VCR
                      00545 ;   SIRC12  01011
                      00546 ;   SIRC15  10111010
                      00547 ;
                      00548 ;
                      00549 ;   KEYMAP:
                      00550 ;
                      00551 ;   1                           0x00    VCR/TV
                      00552 ;   2                           0x01    VCR/TV
                      00553 ;   3                           0x02    VCR/TV
                      00554 ;   4                           0x03    VCR/TV
                      00555 ;   5                           0x04    VCR/TV
                      00556 ;   6                           0x05    VCR/TV
                      00557 ;   7                           0x06    VCR/TV
                      00558 ;   8                           0x07    VCR/TV
                      00559 ;   9                           0x08    VCR/TV
                      00560 ;   0                           0x09    VCR/TV
                      00561 ;   ENTER                       0x0B    VCR/TV
                      00562 ;
                      00563 ;   CH+                         0x10    VCR/TV
                      00564 ;   CH-                         0x11    VCR/TV
                      00565 ;   VOL+                        0x12    TV
                      00566 ;   VOL-                        0x13    TV
                      00567 ;   X2                          0x14    VCR
                      00568 ;   POWER                       0x15    VCR/TV
                      00569 ;   EJECT                       0x16    VCR
                      00570 ;   AUDIO MONITOR       0x17    VCR/TV
                      00571 ;   REC                         0x1D    VCR
                      00572 ;   SLOW                        0x23    VCR
MPASM 5.55  /HOME/GILSON/MPLABXPROJECTS/BASC   3-24-2014  6:19:07         PAGE 12


LOC  OBJECT CODE     LINE SOURCE TEXT
  VALUE

                      00573 ;   TV/VIDEO            0x25    TV
                      00574 ;   TV/VIDEO            0x2A    VCR
                      00575 ;   DISPLAY                     0x3A    TV
                      00576 ;   MENU                        0x4D    VCR
                      00577 ;   INPUT SELECT        0x4F    VCR
                      00578 ;   INDEX RIGHT         0x56    VCR
                      00579 ;   INDEX LEFT          0x57    VCR
                      00580 ;   SP/EP                       0x58    VCR
                      00581 ;   DISPLAY                     0x5A    VCR
                      00582 ;   EASY TIMER          0x60    VCR
                      00583 ;   CLEAR                       0x63    VCR
                      00584 ;
                      00585 ;   UP                          0x0E    VCR SIRC15
                      00586 ;   DOWN                        0x0F    VCR SIRC15
                      00587 ;   LEFT                        0x10    VCR SIRC15
                      00588 ;   RIGHT                       0x11    VCR SIRC15
                      00589 ;   PLAY/OK                     0x18    VCR SIRC15
                      00590 ;
                      00591 ;
                      00592 ;============================================================================
                      00593 
00CC                  00594 REMOTE_CONTROL_COMMANDS:
00CC   393F           00595     ANDLW   0X3F        ; remove possíveis saltos para fora da tabela
00CD   0782           00596     ADDWF   PCL, F      ; move o PC para a posição desejada
00CE   3400           00597     RETLW   0X00        ;   1                           0x00    VCR/TV
00CF   3400           00598     RETLW   0X00        ;   2                           0x01    VCR/TV
00D0   3400           00599     RETLW   0X00        ;   3                           0x02    VCR/TV
00D1   3400           00600     RETLW   0X00        ;   4                           0x03    VCR/TV
00D2   3400           00601     RETLW   0X00        ;   5                           0x04    VCR/TV
00D3   3400           00602     RETLW   0X00        ;   6                           0x05    VCR/TV
00D4   3400           00603     RETLW   0X00        ;   7                           0x06    VCR/TV
00D5   3400           00604     RETLW   0X00        ;   8                           0x07    VCR/TV
00D6   3400           00605     RETLW   0X00        ;   9                           0x08    VCR/TV
00D7   3400           00606     RETLW   0X00        ;   0                           0x09    VCR/TV
00D8   3400           00607     RETLW   0X00        ;                   0x0A
00D9   3400           00608     RETLW   0X00        ;   ENTER                       0x0B    VCR/TV
00DA   3400           00609     RETLW   0X00        ;                   0x0C
00DB   3400           00610     RETLW   0X00        ;                   0x0D
00DC   3400           00611     RETLW   0X00        ;                   0x0E
00DD   3400           00612     RETLW   0X00        ;                   0x0F
00DE   3400           00613     RETLW   0X00        ;   CH+                         0x10    VCR/TV
00DF   3400           00614     RETLW   0X00        ;   CH-                         0x11    VCR/TV
00E0   3400           00615     RETLW   0X00        ;   VOL+                        0x12    TV
00E1   3400           00616     RETLW   0X00        ;   VOL-                        0x13    TV
00E2   3400           00617     RETLW   0X00        ;                   0x14
00E3   3400           00618     RETLW   0X00        ;   POWER                       0x15    VCR/TV
00E4   3400           00619     RETLW   0X00        ;                   0x16
00E5   3400           00620     RETLW   0X00        ;   AUDIO MONITOR       0x17    VCR/TV
00E6   3400           00621     RETLW   0X00        ;                   0x18
00E7   3400           00622     RETLW   0X00        ;                   0x19
00E8   3400           00623     RETLW   0X00        ;                   0x1A
00E9   3400           00624     RETLW   0X00        ;                   0x1B
00EA   3400           00625     RETLW   0X00        ;                   0x1C
MPASM 5.55  /HOME/GILSON/MPLABXPROJECTS/BASC   3-24-2014  6:19:07         PAGE 13


LOC  OBJECT CODE     LINE SOURCE TEXT
  VALUE

00EB   3400           00626     RETLW   0X00        ;                   0x1D
00EC   3400           00627     RETLW   0X00        ;                   0x1E
00ED   3400           00628     RETLW   0X00        ;                   0x1F
00EE   3400           00629     RETLW   0X00        ;                   0x20
00EF   3400           00630     RETLW   0X00        ;                   0x21
00F0   3400           00631     RETLW   0X00        ;                   0x22
00F1   3400           00632     RETLW   0X00        ;                   0x23
00F2   3400           00633     RETLW   0X00        ;                   0x24
00F3   3400           00634     RETLW   0X00        ;   TV/VIDEO            0x25    TV
00F4   3400           00635     RETLW   0X00        ;                   0x26
00F5   3400           00636     RETLW   0X00        ;                   0x27
00F6   3400           00637     RETLW   0X00        ;                   0x28
00F7   3400           00638     RETLW   0X00        ;                   0x29
00F8   3400           00639     RETLW   0X00        ;                   0x2A
00F9   3400           00640     RETLW   0X00        ;                   0x2B
00FA   3400           00641     RETLW   0X00        ;                   0x2C
00FB   3400           00642     RETLW   0X00        ;                   0x2D
00FC   3400           00643     RETLW   0X00        ;                   0x2E
00FD   3400           00644     RETLW   0X00        ;                   0x2F
00FE   3400           00645     RETLW   0X00        ;                   0x30
00FF   3400           00646     RETLW   0X00        ;                   0x31
0100   3400           00647     RETLW   0X00        ;                   0x32
0101   3400           00648     RETLW   0X00        ;                   0x33
0102   3400           00649     RETLW   0X00        ;                   0x34
0103   3400           00650     RETLW   0X00        ;                   0x35
0104   3400           00651     RETLW   0X00        ;                   0x36
0105   3400           00652     RETLW   0X00        ;                   0x37
0106   3400           00653     RETLW   0X00        ;                   0x38
0107   3400           00654     RETLW   0X00        ;                   0x39
0108   3400           00655     RETLW   0X00        ;   DISPLAY                     0x3A    TV
0109   3400           00656     RETLW   0X00        ;                   0x3B
010A   3400           00657     RETLW   0X00        ;                   0x3C
010B   3400           00658     RETLW   0X00        ;                   0x3D
010C   3400           00659     RETLW   0X00        ;                   0x3E
010D   3400           00660     RETLW   0X00        ;                   0x3F
                      00661 
                      00662 
                      00663 
3FF4                  00664     END                         ; directive 'end of program'
MPASM 5.55  /HOME/GILSON/MPLABXPROJECTS/BASC   3-24-2014  6:19:07         PAGE 14


SYMBOL TABLE
  LABEL                             VALUE 

ADCON0                            0000001F
ADCON1                            0000009F
ADCS0                             00000004
ADCS1                             00000005
ADCS2                             00000006
ADDR_EE_POS                       00000000
ADFM                              00000007
ADIE                              00000006
ADIF                              00000006
ADON                              00000000
ADRESH                            0000001E
ADRESL                            0000009E
AD_DONE                           00000094
ANS0                              00000000
ANS1                              00000001
ANS2                              00000002
ANS3                              00000003
ANS4                              00000004
ANS5                              00000005
ANS6                              00000006
ANS7                              00000007
ANSEL                             00000091
BIT_PATTERN                       000000C2
C                                 00000000
C1IE                              00000003
C1IF                              00000003
C1INV                             00000004
C1OUT                             00000006
C2IE                              00000004
C2IF                              00000004
C2INV                             00000005
C2OUT                             00000007
C2SYNC                            00000000
CCP1CON                           00000015
CCP1IE                            00000005
CCP1IF                            00000005
CCP1M0                            00000000
CCP1M1                            00000001
CCP1M2                            00000002
CCP1M3                            00000003
CCPR1                             00000013
CCPR1H                            00000014
CCPR1L                            00000013
CHS0                              00000002
CHS1                              00000003
CHS2                              00000004
CIS                               00000003
CM0                               00000000
CM1                               00000001
CM2                               00000002
CMCON0                            00000019
CMCON1                            0000001A
DC                                00000001
MPASM 5.55  /HOME/GILSON/MPLABXPROJECTS/BASC   3-24-2014  6:19:07         PAGE 15


SYMBOL TABLE
  LABEL                             VALUE 

DC1B0                             00000004
DC1B1                             00000005
DELAYms                           00000011
DEVICE                            00000001
ECCPAS                            00000017
ECCPAS0                           00000004
ECCPAS1                           00000005
ECCPAS2                           00000006
ECCPASE                           00000007
ECCPIE                            00000005
ECCPIF                            00000005
EEADR                             0000009B
EECON1                            0000009C
EECON2                            0000009D
EEDAT                             0000009A
EEDATA                            0000009A
EEIE                              00000007
EEIF                              00000007
END_INTERRUPT                     0000000B
F                                 00000001
FSR                               00000004
GIE                               00000007
GO                                00000001
GO_DONE                           00000001
GO_NOT_DONE                       00000001
HTS                               00000002
INDF                              00000000
INIT_IrDA                         0000001B
INTCON                            0000000B
INTE                              00000004
INTEDG                            00000006
INTERRUPT                         00000004
INTF                              00000001
IOC                               00000096
IOC0                              00000000
IOC1                              00000001
IOC2                              00000002
IOC3                              00000003
IOC4                              00000004
IOC5                              00000005
IOCA                              00000096
IOCA0                             00000000
IOCA1                             00000001
IOCA2                             00000002
IOCA3                             00000003
IOCA4                             00000004
IOCA5                             00000005
IRCF0                             00000004
IRCF1                             00000005
IRCF2                             00000006
IRP                               00000007
IrDA_COMMAND_12_BITS              00000054
IrDA_COMMAND_15_BITS              0000005C
MPASM 5.55  /HOME/GILSON/MPLABXPROJECTS/BASC   3-24-2014  6:19:07         PAGE 16


SYMBOL TABLE
  LABEL                             VALUE 

IrDA_DATA                         00000007
IrDA_FALL                         00000020
IrDA_FALLING                      0000000E
IrDA_FALL_ABORT                   00000027
IrDA_FALL_SAMPLE                  0000002A
IrDA_FALL_SAMPLE_1                00000029
IrDA_SAMPLER                      0000002D
IrDA_SAMPLER_1                    00000036
IrDA_SAMPLER_3                    0000003D
IrDA_SAMPLER_5                    00000040
IrDA_SAMPLER_ABORT                00000071
IrDA_TIME                         00000010
IrDA_bits                         00000005
IrDA_comand                       0000000A
IrDA_device                       0000000B
IrDA_discard                      00000006
IrDAb                             00000002
IrDAp                             00000005
LDR_REFRESH                       00000092
LOOP_MAIN                         00000029
LTS                               00000001
MOTOR_DIRECT                      000000A6
MOTOR_DO                          000000AC
MOTOR_OFF                         000000A4
MOTOR_REVERSE                     000000A8
MOTOR_STATE                       000000B1
MOTOR_STATE_ARM1                  000000B8
MOTOR_STATE_ARM2                  000000BF
NOT_BOD                           00000000
NOT_BOR                           00000000
NOT_DONE                          00000001
NOT_PD                            00000003
NOT_POR                           00000001
NOT_RAPU                          00000007
NOT_T1SYNC                        00000002
NOT_TO                            00000004
OPTION_REG                        00000081
OSCCON                            0000008F
OSCTUNE                           00000090
OSFIE                             00000002
OSFIF                             00000002
OSTS                              00000003
P1M0                              00000006
P1M1                              00000007
PCL                               00000002
PCLATH                            0000000A
PCON                              0000008E
PDC0                              00000000
PDC1                              00000001
PDC2                              00000002
PDC3                              00000003
PDC4                              00000004
PDC5                              00000005
MPASM 5.55  /HOME/GILSON/MPLABXPROJECTS/BASC   3-24-2014  6:19:07         PAGE 17


SYMBOL TABLE
  LABEL                             VALUE 

PDC6                              00000006
PEIE                              00000006
PIE1                              0000008C
PIR1                              0000000C
POPCTX                            0000000B
POPW                              00000003
PORTA                             00000005
PORTC                             00000007
PR2                               00000092
PRSEN                             00000007
PS0                               00000000
PS1                               00000001
PS2                               00000002
PSA                               00000003
PSSAC0                            00000002
PSSAC1                            00000003
PSSBD0                            00000000
PSSBD1                            00000001
PUSHCTX                           00000007
PUSHW                             00000000
PWM1CON                           00000016
RA0                               00000000
RA1                               00000001
RA2                               00000002
RA3                               00000003
RA4                               00000004
RA5                               00000005
RAIE                              00000003
RAIF                              00000000
RC0                               00000000
RC1                               00000001
RC2                               00000002
RC3                               00000003
RC4                               00000004
RC5                               00000005
RD                                00000000
READ_EEPROM                       00000086
RECORD_EEPROM                     00000073
REFRESH_END                       000000A1
REMOTE_CONTROL_COMMANDS           000000CC
RETORNO_DE_COMANDO                0000006E
RP0                               00000005
RP1                               00000006
SBODEN                            00000004
SBOREN                            00000004
SCS                               00000000
STACK_BASE                        00000020
STACK_LIMIT                       0000006F
STATUS                            00000003
SWDTEN                            00000000
T0CS                              00000005
T0IE                              00000005
T0IF                              00000002
MPASM 5.55  /HOME/GILSON/MPLABXPROJECTS/BASC   3-24-2014  6:19:07         PAGE 18


SYMBOL TABLE
  LABEL                             VALUE 

T0SE                              00000004
T1CKPS0                           00000004
T1CKPS1                           00000005
T1CON                             00000010
T1GINV                            00000007
T1GSS                             00000001
T1IE                              00000000
T1IF                              00000000
T1OSCEN                           00000003
T2CKPS0                           00000000
T2CKPS1                           00000001
T2CON                             00000012
T2IE                              00000001
T2IF                              00000001
TMR0                              00000001
TMR0IE                            00000005
TMR0IF                            00000002
TMR1                              0000000E
TMR1CS                            00000001
TMR1GE                            00000006
TMR1H                             0000000F
TMR1IE                            00000000
TMR1IF                            00000000
TMR1L                             0000000E
TMR1ON                            00000000
TMR2                              00000011
TMR2IE                            00000001
TMR2IF                            00000001
TMR2ON                            00000002
TOUTPS0                           00000003
TOUTPS1                           00000004
TOUTPS2                           00000005
TOUTPS3                           00000006
TRISA                             00000085
TRISA0                            00000000
TRISA1                            00000001
TRISA2                            00000002
TRISA3                            00000003
TRISA4                            00000004
TRISA5                            00000005
TRISC                             00000087
TRISC0                            00000000
TRISC1                            00000001
TRISC2                            00000002
TRISC3                            00000003
TRISC4                            00000004
TRISC5                            00000005
TUN0                              00000000
TUN1                              00000001
TUN2                              00000002
TUN3                              00000003
TUN4                              00000004
ULPWUE                            00000005
MPASM 5.55  /HOME/GILSON/MPLABXPROJECTS/BASC   3-24-2014  6:19:07         PAGE 19


SYMBOL TABLE
  LABEL                             VALUE 

VCFG                              00000006
VR0                               00000000
VR1                               00000001
VR2                               00000002
VR3                               00000003
VRCON                             00000099
VREN                              00000007
VRR                               00000005
W                                 00000000
WDTCON                            00000018
WDTPS0                            00000001
WDTPS1                            00000002
WDTPS2                            00000003
WDTPS3                            00000004
WPU                               00000095
WPU0                              00000000
WPU1                              00000001
WPU2                              00000002
WPU4                              00000004
WPU5                              00000005
WPUA                              00000095
WPUA0                             00000000
WPUA1                             00000001
WPUA2                             00000002
WPUA4                             00000004
WPUA5                             00000005
WR                                00000001
WREN                              00000002
WRERR                             00000003
Z                                 00000002
_BOD_NSLEEP                       00003EFF
_BOD_OFF                          00003CFF
_BOD_ON                           00003FFF
_BOD_SBODEN                       00003DFF
_BOREN_NSLEEP                     00003EFF
_BOREN_OFF                        00003CFF
_BOREN_ON                         00003FFF
_BOREN_SBODEN                     00003DFF
_CONFIG                           00002007
_CPD_OFF                          00003FFF
_CPD_ON                           00003F7F
_CP_OFF                           00003FFF
_CP_ON                            00003FBF
_DEVID1                           00002006
_EC_OSC                           00003FFB
_EXTRC                            00003FFF
_EXTRCIO                          00003FFE
_EXTRC_OSC_CLKOUT                 00003FFF
_EXTRC_OSC_NOCLKOUT               00003FFE
_FCMEN_OFF                        000037FF
_FCMEN_ON                         00003FFF
_FOSC_EC                          00003FFB
_FOSC_EXTRCCLK                    00003FFF
MPASM 5.55  /HOME/GILSON/MPLABXPROJECTS/BASC   3-24-2014  6:19:07         PAGE 20


SYMBOL TABLE
  LABEL                             VALUE 

_FOSC_EXTRCIO                     00003FFE
_FOSC_HS                          00003FFA
_FOSC_INTOSCCLK                   00003FFD
_FOSC_INTOSCIO                    00003FFC
_FOSC_LP                          00003FF8
_FOSC_XT                          00003FF9
_FUNCTIONS_0019                   00000019
_FUNCTIONS_0075                   00000075
_FUNCTIONS_0082                   00000082
_FUNCTIONS_008C                   0000008C
_FUNCTIONS_00A7                   000000A7
_HS_OSC                           00003FFA
_IDLOC0                           00002000
_IDLOC1                           00002001
_IDLOC2                           00002002
_IDLOC3                           00002003
_IESO_OFF                         00003BFF
_IESO_ON                          00003FFF
_INTOSC                           00003FFD
_INTOSCIO                         00003FFC
_INTRC_OSC_CLKOUT                 00003FFD
_INTRC_OSC_NOCLKOUT               00003FFC
_LP_OSC                           00003FF8
_MCLRE_OFF                        00003FDF
_MCLRE_ON                         00003FFF
_PWRTE_OFF                        00003FFF
_PWRTE_ON                         00003FEF
_WDTE_OFF                         00003FF7
_WDTE_ON                          00003FFF
_WDT_OFF                          00003FF7
_WDT_ON                           00003FFF
_XT_OSC                           00003FF9
__16F684                          00000001
motor_pos                         00000004
pos_value                         00000003
record_addr                       0000000D
record_data                       0000000C
start                             00000000
status_temp                       00000002
w_bk                              00000001
w_temp                            00000000

Errors   :     0
Warnings :     0 reported,     0 suppressed
Messages :     0 reported,    23 suppressed

