MPASM 5.55  /HOME/GILSON/MPLABXPROJECTS/BASC   3-24-2014  5:44:55         PAGE  1


LOC  OBJECT CODE     LINE SOURCE TEXT
  VALUE

                      00001 #include <p16f684.inc>
                      00001         LIST
                      00002 
                      00003 ;==========================================================================
                      00004 ;  MPASM PIC16F684 processor include
                      00005 ; 
                      00006 ;  (c) Copyright 1999-2014 Microchip Technology, All rights reserved
                      00007 ;==========================================================================
                      00008 
                      00523         LIST
                      00002 
2007   3FF4           00003  __CONFIG _FOSC_INTOSCIO & _WDTE_OFF & _PWRTE_OFF & _MCLRE_ON & _CP_OFF & _CPD_OFF & _BOREN_ON & _IESO_O
                            N & _FCMEN_ON
                      00004 
                      00005     errorlevel  -302                ; suppress message 302 from list file
                      00006 
  00000000            00007 ADDR_EE_POS EQU 0x00
  00000002            00008 IrDAb       EQU RA2
  00000005            00009 IrDAp       EQU PORTA
  00000001            00010 DEVICE      EQU 0X01    ; MODO TV DO CONTROLE SONY RMT-V297C
                      00011 
  00000020            00012 STACK_BASE  EQU 0X20
  0000006F            00013 STACK_LIMIT EQU 0X6F
                      00014 
                      00015 
                      00016 INT_VAR     UDATA_SHR
0000                  00017 w_temp      res 1   ; armazena backup do acumulador
0001                  00018 w_bk        res 1
0002                  00019 status_temp res 1
0003                  00020 pos_value   res 1   ; 0 desligado, outros define o nível de luminosidade
0004                  00021 motor_pos   res 1
                      00022 
0005                  00023 IrDA_bits   res 1
0006                  00024 IrDA_discard res 1
0007                  00025 IrDA_DATA   res 3
000A                  00026 IrDA_comand res 1
000B                  00027 IrDA_device res 1
                      00028 
000C                  00029 record_data res 1
000D                  00030 record_addr res 1
                      00031 
                      00032 RESET_VECTOR    CODE    0x0000     ; processor reset vector
0000   2???           00033         goto    start              ; go to beginning of program
                      00034 
                      00035 
                      00036 ;============================================================================
                      00037 ; Seção de tratamento de interrupções
                      00038 ;
                      00039 ;   ESTA ESTRUTURA FOI UTILIZADA PARA NÃO PERMITIR CHAMADAS CONTINUAS DENTRO
                      00040 ;   DESTA FUNÇÃO CASO SEJA CHAMADO MAIS DE UMA INTERRUPÇÃO, SERVE PARA MANTER
                      00041 ;   A HIERARQUIA DE PROCESSAMENTO
                      00042 ;
                      00043 ;============================================================================
MPASM 5.55  /HOME/GILSON/MPLABXPROJECTS/BASC   3-24-2014  5:44:55         PAGE  2


LOC  OBJECT CODE     LINE SOURCE TEXT
  VALUE

                      00044 INT_VECTOR      CODE    0x0004     ; interrupt vector location
                      00045 
0004                  00046 INTERRUPT
0004   1018           00047         BCF     WDTCON, SWDTEN  ; DESTIVA O WATCH-DOG TIMER
0005   138B           00048         BCF     INTCON, GIE     ; DESABILITA INTERRUPÇÃO GLOBAL
                      00049 
0006   2???           00050         CALL    PUSHCTX
                      00051 
0007   188B           00052         BTFSC   INTCON, INTF    ; TESTA SE A INTERRUPÇÃO OCORREU PELA ENTRADA DO IrDA
0008   2???           00053         GOTO    IrDA_FALLING
0009   188C           00054         BTFSC   PIR1, TMR2IF    ; TESTA SE A INTERRUPÇÃO ACONTECEU PELO CONTADOR
000A   2???           00055         GOTO    IrDA_TIME
                      00056 
                      00057 
000B                  00058 END_INTERRUPT
000B   2???           00059         CALL    POPCTX
000C   178B           00060         BSF     INTCON, GIE     ; HABILITA INTERRUPÇÃO GLOBAL
000D   0009           00061         retfie                  ; return from interrupt
                      00062 
000E                  00063 IrDA_FALLING
000E   2???           00064         CALL    IrDA_FALL    ; CHAMA ROTINA DE TRATAMENTO DA RECEPÇÃO DO CONTROLE REMOTO
000F   2???           00065         GOTO    END_INTERRUPT
0010                  00066 IrDA_TIME
0010   2???           00067         CALL    IrDA_SAMPLER
0011   2???           00068         GOTO    END_INTERRUPT
                      00069 
                      00070 
                      00071 ;============================================================================
                      00072 ; boostrap da máquina
                      00073 ;
                      00074 ;
                      00075 ;
                      00076 ;============================================================================
                      00077 
                      00078 MAIN    CODE
                      00079 
0000                  00080 start   ; PRÉ-SET DO AMBIENTE DE EXECUÇÃO
0000   018B           00081         CLRF    INTCON
                      00082 
0001   1683           00083         BSF     STATUS, RP0     ; APONTA PARA BLOCO 1
0002   3001           00084         MOVLW   b'00000001'
0003   0081           00085         MOVWF   OPTION_REG      ; DEFINE PRESCALER DO TIMER 0, COLOCA INT/RA2 EM FALLING EDGE
0004   301F           00086         MOVLW   0X1F            ; b'00011111'
0005   0085           00087         MOVWF   TRISA           ; DEFINE I/O DA PORTA A
0006   0187           00088         CLRF    TRISC           ; DEFINE PORTA C COMO SAÍDAS
0007   3008           00089         MOVLW   b'00001000'
0008   0091           00090         MOVWF   ANSEL           ; DEFINE AS PORTAS QUE SÃO ANALÓGICAS
0009   0196           00091         CLRF    IOCA
000A   3007           00092         MOVLW   0X07
000B   0095           00093         MOVWF   WPUA            ; DEFINE AS PORTAS QUE POSSUEM PULL-UP
                      00094         ;MOVLW   0X30
000C   3010           00095         MOVLW   0X10
000D   009F           00096         MOVWF   ADCON1          ; DEFINE OSCILADOR DEDICADO PARA O CONVERSOR A/D
MPASM 5.55  /HOME/GILSON/MPLABXPROJECTS/BASC   3-24-2014  5:44:55         PAGE  3


LOC  OBJECT CODE     LINE SOURCE TEXT
  VALUE

000E   3002           00097         MOVLW   b'00000010'
000F   008C           00098         MOVWF   PIE1            ; HABILITA INTERRUPÇÃO POR TIMER2
0010   30E1           00099         MOVLW   0XE1
0011   0092           00100         MOVWF   PR2             ; COLOCA 160 NO COMPARADOR DO TIMER 2 (IrDA) 2560 us EM 4MHz
                      00101 
                      00102 
0012   1283           00103         BCF     STATUS, RP0     ; APONTA PARA O BANCO 0
0013   0185           00104         CLRF    PORTA           ; INIT PORTA
0014   0187           00105         CLRF    PORTC
0015   3007           00106         MOVLW   0X07
0016   0099           00107         MOVWF   CMCON0          ; DESLIGA OS COMPARADORES
0017   300C           00108         MOVLW   0X0C
0018   009F           00109         MOVWF   ADCON0          ; HABILITA ENTRADA ANALÓGICA 3 E AJUSTA PARA SAIDA JUSTIFICADA A ESQUERD
                            A
0019   3016           00110         MOVLW   0X16
001A   0098           00111         MOVWF   WDTCON          ; AJUSTA PRESCALER DO WATCH-DOG PARA 1:65536 ~ 2 segundos
001B   018C           00112         CLRF    PIR1            ; ZERA FLAGS DE INTERRUPÇÕES DOS PERIFÉRICOS
                      00113 
                      00114 
001C   3050           00115         MOVLW   b'01010000'
001D   008B           00116         MOVWF   INTCON          ; HABILITA INT/RA2, PERIFÉRICOS
                      00117 
                      00118         ; Inicalização da RAM
                      00119         ;BTFSC   EECON1, WRERR   ; TESTA SE HOUVE ERRO DE GRAVAÇÃO DURANTE RESET
                      00120         ;CALL    RECORD_POSITION
                      00121         ;CALL    READ_POSITION
                      00122 
                      00123         ; Teste da interação
001E   3070           00124         MOVLW   0X70
001F   00??           00125         MOVWF   pos_value
                      00126         ;CALL    RECORD_POSITION
                      00127 
0020   2???           00128         CALL    INIT_IrDA
0021   3084           00129         MOVLW   0X84
0022   00??           00130         MOVWF   IrDA_device
                      00131 
                      00132 ;        CLRF    record_addr
0023   178B           00133         BSF     INTCON, GIE
                      00134 
0024   3020           00135         MOVLW   b'00100000'
0025   0685           00136         XORWF   PORTA, F
0026   3020           00137         MOVLW   0X20
0027   0084           00138         MOVWF   FSR
0028   3003           00139         MOVLW   0x03
                      00140 
0029                  00141 LOOP_MAIN   ; loop de execução continua
                      00142 
0029   30??           00143         MOVLW   LOOP_MAIN
002A   2???           00144         GOTO    LOOP_MAIN
                      00145 
                      00146 ;============================================================================
                      00147 ;
                      00148 ; Seção com funções
MPASM 5.55  /HOME/GILSON/MPLABXPROJECTS/BASC   3-24-2014  5:44:55         PAGE  4


LOC  OBJECT CODE     LINE SOURCE TEXT
  VALUE

                      00149 ;
                      00150 ;
                      00151 ;============================================================================
                      00152 
                      00153 FUNCTIONS CODE
                      00154 
                      00155 ;============================================================================
                      00156 ;
                      00157 ;   FUNÇÕES PUSH-POP PARA IMPLEMENTAR UMA PILHA
                      00158 ;
                      00159 ;============================================================================
                      00160 
0000                  00161 PUSHW:      ; COLOCA O CONTEÚDO DE W NO TOPO DA PILHA
0000   0080           00162         MOVWF       INDF          ; COLOCA W NA PILHA
0001   0F84           00163         INCFSZ      FSR, F        ; INCREMENTA PONTEIRO SEM ALTERAR Z
0002   0008           00164         RETURN
                      00165 
0003                  00166 POPW:       ; REMOVE O TOPO DA PILHA E COLOCA EM W
0003   0B84           00167         DECFSZ      FSR, F      ; DECREMENTA PONTEIRO SEM ALTERAR ESTADOS
0004   0E80           00168         SWAPF       INDF, F
0005   0E00           00169         SWAPF       INDF, W     ; COLOCA TOPO DA PILHA EM W
0006   0008           00170         RETURN
                      00171 
0007                  00172 PUSHCTX:    ; SALVA CONTEXTO NA PILHA
0007   2???           00173         CALL    PUSHW           ; salva w
0008   0E03           00174         SWAPF   STATUS, W
0009   2???           00175         CALL    PUSHW           ; salva status
000A   0008           00176         RETURN
000B                  00177 POPCTX:     ; RECUPERA CONTEXTO DA PILHA
000B   2???           00178         CALL    POPW
000C   00??           00179         MOVWF   status_temp
000D   0E??           00180         SWAPF   status_temp, W   ; restaura status
000E   0083           00181         MOVWF   STATUS
000F   2???           00182         CALL    POPW        ; restaura w
0010   0008           00183         RETURN
                      00184 
                      00185 
                      00186 ;============================================================================
                      00187 ;
                      00188 ;   Delay de 1000 ciclos de clock de instrução
                      00189 ;
                      00190 ;     Presupõe que a interrupção de overflow do timer0 está desativada, caso
                      00191 ;   contrário o comportamento é imprevisível.
                      00192 ;
                      00193 ;     O timer utiliza um ajuste para se obter o consumo de 1000 ciclos desde
                      00194 ;   a instrução de chamada até o retorno na instrução seguinte
                      00195 ;
                      00196 ;==============================================================================
                      00197 
0011                  00198 DELAYms: ; com preescaler em 1:4 desde o call até o retorno gasta 1000 ciclos
                      00199 
                      00200         ; AJUSTA PARÂMETROS DO CONTADOR
                      00201         ;
MPASM 5.55  /HOME/GILSON/MPLABXPROJECTS/BASC   3-24-2014  5:44:55         PAGE  5


LOC  OBJECT CODE     LINE SOURCE TEXT
  VALUE

                      00202         ; PRESCALER 1:4
                      00203         ; INCREMENTA NA DESCIDA DO CLOCK
                      00204         ; USA O CLOCK DE INSTRUÇÃO COMO BATE DE TEMPO
                      00205         ;
0011   30C0           00206         MOVLW   b'11000000'
0012   0501           00207         ANDWF   OPTION_REG, W
0013   3801           00208         IORLW   b'00000001'
0014   0081           00209         MOVWF   OPTION_REG
                      00210 
                      00211 ;laço do timer
0015   300A           00212         MOVLW   0X0A                ; AJUSTA CONTADOR PARA GERAR A SAÍDA CORRETA
0016   0081           00213         MOVWF   TMR0                ; ATUALIZA CONTADOR
0017   110B           00214         BCF     INTCON, T0IF
0018   1D0B           00215         BTFSS   INTCON, T0IF
0019   2???           00216         GOTO $-1
001A   0008           00217     RETURN
                      00218 
                      00219 
                      00220 ;============================================================================
                      00221 ;
                      00222 ;   INICIALIZA ESTRUTURAS PARA RECEPÇÃO DE UM COMANDO DO CONTROLE REMOTO
                      00223 ;
                      00224 ;============================================================================
001B                  00225 INIT_IrDA:
001B   01??           00226         CLRF    IrDA_bits
001C   3011           00227         MOVLW   b'00010001'     ; PRESCALER 1:4 POSTSCALER 1:3
001D   0092           00228         MOVWF   T2CON
001E   0191           00229         CLRF    TMR2            ; ZERA CONTADOR
001F   0008           00230         RETURN
                      00231 
                      00232 ;============================================================================
                      00233 ;
                      00234 ; TRATAMENTO DA RECEPÇÃO DOS DADOS DO CONTROLE REMOTO
                      00235 ; PRESUPOE QUE TIMER 2 NÃO É USADO POR MAIS NINGUEM
                      00236 ;
                      00237 ;============================================================================
0020                  00238 IrDA_FALL:
0020   108B           00239         BCF     INTCON, INTF    ; ZERA O BIT DA INTERRUPÇÃO
0021   1A92           00240         BTFSC   T2CON, 5        ; TESTA SE É 1:5
0022   2???           00241         GOTO    IrDA_FALL_SAMPLE_1
                      00242 
0023   1912           00243         BTFSC   T2CON, TMR2ON
0024   2???           00244         GOTO    IrDA_FALL_ABORT
                      00245 
0025   1A12           00246         BTFSC   T2CON, 4        ; TESTA SE ESTA NO 1:3
0026   2???           00247         GOTO    IrDA_FALL_SAMPLE
                      00248 
0027                  00249 IrDA_FALL_ABORT
0027   2???           00250         CALL INIT_IrDA
0028   0008           00251         RETURN
                      00252 
0029                  00253 IrDA_FALL_SAMPLE_1
0029   1292           00254         BCF     T2CON, 5
MPASM 5.55  /HOME/GILSON/MPLABXPROJECTS/BASC   3-24-2014  5:44:55         PAGE  6


LOC  OBJECT CODE     LINE SOURCE TEXT
  VALUE

002A                  00255 IrDA_FALL_SAMPLE
002A   0191           00256         CLRF    TMR2
002B   1512           00257         BSF     T2CON, TMR2ON
002C   0008           00258         RETURN
                      00259 
                      00260 ;===========================================================================
                      00261 ;
                      00262 ;   ROTINA QUE TRATA DA LEITURA DO BIT DO IrDA NA PORTA
                      00263 ;   BYTE 0 - DEVICE
                      00264 ;   BYTE 1 - COMANDO
                      00265 ;   BYTE 2 - EXTENÇÃO (SÓ EM 20 BITS)
                      00266 ;
                      00267 ;   INTERRUPÇÃO DEVE CESSAR DEPOIS DE ALTERAR ESTADO DA MÁQUINA DE ESTADOS
                      00268 ;===========================================================================
                      00269 
002D                  00270 IrDA_SAMPLER:
                      00271 
002D   108C           00272         BCF     PIR1, TMR2IF    ; ZERA O BIT DA INTERRUPÇÃO
002E   1A92           00273         BTFSC   T2CON, 5        ; TESTA SE É 1:5
002F   2???           00274         GOTO    IrDA_SAMPLER_5  ; 1:5
0030   1E12           00275         BTFSS   T2CON, 4        ;TESTA DE É 1:3
0031   2???           00276         GOTO    IrDA_SAMPLER_1
0032   1D05           00277         BTFSS   IrDAp, IrDAb ; TESTA NÍVEL LÓGICO DA PORTA, DEVE SER ALTO
0033   2???           00278         GOTO    IrDA_SAMPLER_ABORT
0034   1212           00279         BCF     T2CON, 4
0035   2???           00280         GOTO    IrDA_SAMPLER_3
                      00281 
0036                  00282 IrDA_SAMPLER_1
0036   0A??           00283         INCF    IrDA_bits, F
                      00284 
0037   1003           00285         BCF     STATUS, C       ; INVERTE BIT VINDO DA LÓGICA
0038   1D05           00286         BTFSS   IrDAp, IrDAb
0039   1403           00287         BSF     STATUS, C
                      00288 
                      00289         ; COLOCA BIT NO ARRAY
003A   0C??           00290         RRF     IrDA_DATA, F
003B   0C??           00291         RRF     IrDA_DATA+1, F
003C   0C??           00292         RRF     IrDA_DATA+2, F
                      00293 
003D                  00294 IrDA_SAMPLER_3
003D   1692           00295         BSF     T2CON, 5    ; ATIVA POSTSCALER 1:5
003E   0191           00296         CLRF    TMR2
003F   0008           00297         RETURN
                      00298 
                      00299 
                      00300 ; PRESCALER DE 1:5
                      00301 ; ATINGIU O LIMITE DE TEMPO DE ESPERA
                      00302 ; VERIFICA SE A QUANTIDADE DE BITS SE ENQUADRA EM ALGUM PADRÃO
0040                  00303 IrDA_SAMPLER_5
                      00304 
0040   300C           00305         MOVLW   0X0C    ; 12 BITS
0041   06??           00306         XORWF   IrDA_bits, W
0042   1903           00307         BTFSC   STATUS, Z
MPASM 5.55  /HOME/GILSON/MPLABXPROJECTS/BASC   3-24-2014  5:44:55         PAGE  7


LOC  OBJECT CODE     LINE SOURCE TEXT
  VALUE

0043   2???           00308         GOTO    IrDA_COMMAND_12_BITS
                      00309 
0044   300F           00310         MOVLW   0X0F    ; 15 BITS
0045   06??           00311         XORWF   IrDA_bits, W
0046   1903           00312         BTFSC   STATUS, Z
0047   2???           00313         GOTO    IrDA_COMMAND_15_BITS
                      00314 
0048   3014           00315         MOVLW   0X14    ; 20 BITS
0049   06??           00316         XORWF   IrDA_bits, W
004A   1D03           00317         BTFSS   STATUS, Z
004B   2???           00318         CALL    IrDA_SAMPLER_ABORT
                      00319 
                      00320 ; INTERVALO DE CÓDIGO QUE CORRIGE POSIÇÃO DOS BITS
                      00321 
004C   08??           00322         MOVF    IrDA_DATA, W
004D   00??           00323         MOVWF   w_temp
004E   08??           00324         MOVF    IrDA_DATA+1, W
004F   00??           00325         MOVWF   IrDA_DATA
0050   08??           00326         MOVF    IrDA_DATA+2, W
0051   00??           00327         MOVWF   IrDA_DATA+1
0052   08??           00328         MOVF    w_temp, W
0053   00??           00329         MOVWF   IrDA_DATA+2
                      00330 
0054                  00331 IrDA_COMMAND_12_BITS
0054   30F0           00332         MOVLW   b'11110000'
0055   05??           00333         ANDWF   IrDA_DATA+1, F
0056   0C??           00334         RRF     IrDA_DATA, F
0057   0C??           00335         RRF     IrDA_DATA+1, F
0058   0C??           00336         RRF     IrDA_DATA, F
0059   0C??           00337         RRF     IrDA_DATA+1, F
005A   0C??           00338         RRF     IrDA_DATA, F
005B   0C??           00339         RRF     IrDA_DATA+1, F
                      00340 
005C                  00341 IrDA_COMMAND_15_BITS
                      00342 
005C   1003           00343         BCF     STATUS, C
005D   0C??           00344         RRF     IrDA_DATA+1, F
                      00345 
                      00346 ; FIM DAS CORREÇÕES DE POSIÇÃO
                      00347 
                      00348 
                      00349         ;MOVF    IrDA_DATA, W
                      00350         ;XORWF   IrDA_device, W
                      00351         ;BTFSS   STATUS, Z           ; testa dispositivo
                      00352         ;GOTO    IrDA_SAMPLER_ABORT
                      00353 
                      00354 
005E   03??           00355         DECF    IrDA_discard, F
005F   3003           00356         MOVLW   0x03
0060   05??           00357         ANDWF   IrDA_discard, F
0061   1D03           00358         BTFSS   STATUS, Z
0062   2???           00359         GOTO    IrDA_SAMPLER_ABORT  ; descarta envio triplo do controle
                      00360 
MPASM 5.55  /HOME/GILSON/MPLABXPROJECTS/BASC   3-24-2014  5:44:55         PAGE  8


LOC  OBJECT CODE     LINE SOURCE TEXT
  VALUE

0063   08??           00361         MOVF    IrDA_DATA+1, W
0064   3A45           00362         XORLW   0x45
0065   1903           00363         BTFSC   STATUS, Z
0066   2???           00364         GOTO    IrDA_SAMPLER_ABORT  ; tratar soltar botão
                      00365 
                      00366         ;MOVF    IrDA_DATA+1, W
                      00367         ;XORLW   0x44
                      00368         ;BTFSC   STATUS, Z
                      00369         ;GOTO    IrDA_SAMPLER_ABORT  ; tratar botão temporizado
                      00370 
                      00371         ;MOVF    IrDA_DATA+1, W
                      00372         ;XORWF   IrDA_comand, W
                      00373         ;BTFSC   STATUS, Z
                      00374         ;GOTO    IrDA_SAMPLER_ABORT  ; tratar manter precionada
                      00375 
                      00376         ;MOVF    IrDA_DATA+1, W
                      00377         ;MOVWF   IrDA_comand
                      00378 
                      00379         ; LOCALIZAR AÇÃO NA TABELA
0067   03??           00380         DECF    IrDA_discard, F
                      00381 
0068   1283           00382         BCF     STATUS, RP0
0069   3020           00383         MOVLW   b'00100000'
006A   0685           00384         XORWF   PORTA, F
                      00385 
006B                  00386 IrDA_SAMPLER_ABORT
006B   2???           00387         CALL    INIT_IrDA       ; INICIALIZA ESTRUTURAS
006C   0008           00388         RETURN
                      00389 
                      00390 
                      00391 
                      00392 ;=============================================================================
                      00393 ;
                      00394 ;   GERENCIA SEQUENCIA PARA LEITURA E GRAVAÇÃO NA EEPROM
                      00395 ;
                      00396 ;=============================================================================
                      00397 
006D                  00398 RECORD_EEPROM:
006D   138B           00399         BCF     INTCON, GIE     ; DESATIVA INTERRUPÇÃO GLOBAL
006E   1B8B           00400         BTFSC   INTCON, GIE     ; TESTA SE INTERRUPÇÃO FOI DESABILITADA
006F   2???           00401         GOTO    $-2             ; REPETE SE AINDA NÃO ESTÁ DESATIVADO
0070   1683           00402         BSF     STATUS, RP0     ; APONTA PARA BLOCO 1
0071   119C           00403         BCF     EECON1, WRERR   ; REMOVE MARCAÇÃO DE ERRO DE GRAVAÇÃO
0072   151C           00404         BSF     EECON1, WREN    ; HABILITA GRAVAÇÃO
                      00405         ;MOVF    pos_value, W   ; COLOCA O DADO NO REGISTRADOR DE DADOS
0073   009A           00406         MOVWF   EEDAT
0074   08??           00407         MOVF    record_addr, W     ; COLOCA A POSIÇÃO NO REGISTRADOR DE POSIÇÃO
0075   009B           00408         MOVWF   EEADR
                      00409         ; SEQUENCIA DE INICIALIZAÇÃO EXIGIDA PARA A GRAVAÇÃO NA EEPROM
0076   3055           00410         MOVLW   0X55
0077   009D           00411         MOVWF   EECON2
0078   30AA           00412         MOVLW   0XAA
0079   009D           00413         MOVWF   EECON2
MPASM 5.55  /HOME/GILSON/MPLABXPROJECTS/BASC   3-24-2014  5:44:55         PAGE  9


LOC  OBJECT CODE     LINE SOURCE TEXT
  VALUE

007A   149C           00414         BSF     EECON1, WR      ; ATIVA GRAVAÇÃO
                      00415         ; FIM DA SEQUENCIA EXIGIDA
007B   189C           00416         BTFSC   EECON1, WR      ; TESTA SE GRAVAÇÃO FOI CONCLUIDA
007C   2???           00417         GOTO $-1
007D   1283           00418         BCF     STATUS, RP0
007E   178B           00419         BSF     INTCON, GIE     ; HABILITA INTERRUPÇÃO GLOBAL
007F   0008           00420         RETURN
                      00421 
0080                  00422 READ_EEPROM:
0080   138B           00423         BCF     INTCON, GIE
0081   1683           00424         BSF     STATUS, RP0     ; APONTA PARA BLOCO 1
0082   3000           00425         MOVLW   ADDR_EE_POS
0083   009B           00426         MOVWF   EEADR
0084   141C           00427         BSF     EECON1, RD
0085   181C           00428         BTFSC   EECON1, RD
0086   2???           00429         GOTO    $-1
0087   081A           00430         MOVF    EEDAT, W
0088   00??           00431         MOVWF   pos_value
0089   1283           00432         BCF     STATUS, RP0
008A   178B           00433         BSF     INTCON, GIE
008B   0008           00434         RETURN
                      00435 
                      00436 ;=============================================================================
                      00437 ;
                      00438 ; Rotina que implementa a conversão A/D do sensor de luminosidade e permanece
                      00439 ; até que se atinja o nível de luminosidade desejado
                      00440 ;
                      00441 ;=============================================================================
008C                  00442 LDR_REFRESH:
008C   141F           00443         BSF     ADCON0, ADON        ; LIGA CONVERSOR A/D
008D   149F           00444         BSF     ADCON0, GO_NOT_DONE ; INICIA CONVERSÃO
                      00445 
008E                  00446 AD_DONE
008E   189F           00447         BTFSC   ADCON0, GO_NOT_DONE ; TESTA SE TERMINOU
008F   2???           00448         GOTO    AD_DONE
0090   081E           00449         MOVF    ADRESH, W           ; ARMAZENA O RESULTADO DA CONVERSÃO
                      00450 
0091   02??           00451         SUBWF   pos_value, W        ; COMPARA OS VALORES
0092   1903           00452         BTFSC   STATUS, Z           ; SE SÃO IGUAIS NÃO FAZ NADA
0093   2???           00453         GOTO    REFRESH_END
0094   149F           00454         BSF     ADCON0, GO_NOT_DONE ; INICIA NOVA CONVERSÃO
0095   1803           00455         BTFSC   STATUS, C
0096   2???           00456         CALL    MOTOR_DIRECT            ; sentido horário
0097   1C03           00457         BTFSS   STATUS, C
0098   2???           00458         CALL    MOTOR_REVERSE            ; sentido anti-horário
                      00459 
0099   2???           00460         GOTO    AD_DONE
                      00461 
009A                  00462 REFRESH_END
009A   101F           00463         BCF     ADCON0, ADON    ; DESLIGA CONVERSOR
009B   2???           00464         CALL    MOTOR_OFF       ; REMOVE CONSUMO DE CORRENTE
009C   0008           00465         RETURN
                      00466 
MPASM 5.55  /HOME/GILSON/MPLABXPROJECTS/BASC   3-24-2014  5:44:55         PAGE 10


LOC  OBJECT CODE     LINE SOURCE TEXT
  VALUE

                      00467 ;=============================================================================
                      00468 ;
                      00469 ;   GERENCIA O MOTOR DE PASSO CONECTADO AS SAÍDAS RC2~RC5
                      00470 
009D                  00471 MOTOR_OFF:
009D   01??           00472         CLRF    w_temp
009E   2???           00473         GOTO    MOTOR_DO
009F                  00474 MOTOR_DIRECT:
009F   0A??           00475         INCF    motor_pos, F
00A0   2???           00476         GOTO    $+2
00A1                  00477 MOTOR_REVERSE:
00A1   03??           00478         DECF    motor_pos, F
                      00479 
00A2   08??           00480         MOVF    motor_pos, W
00A3   2???           00481         CALL    BIT_PATTERN
00A4   00??           00482         MOVWF   w_temp
                      00483 
00A5                  00484 MOTOR_DO
00A5   30C3           00485         MOVLW   b'11000011'
00A6   0507           00486         ANDWF   PORTC, W
00A7   04??           00487         IORWF   w_temp, W
00A8   0087           00488         MOVWF   PORTC
00A9   2???           00489         CALL    DELAYms
00AA   0008           00490         RETURN
                      00491 
                      00492 
                      00493 
                      00494 ;=============================================================================
                      00495 ;
                      00496 ;   RETORNA A POSIÇÃO ATUAL DO MOTOR NA TABELA
                      00497 ;
                      00498 ;   NÃO É UTIL NO MOMENTO POIS A POSIÇÃO DE PARADA É COM SAÍDA EM ZERO
                      00499 ;=============================================================================
00AB                  00500 MOTOR_STATE:
00AB   1E87           00501     BTFSS   PORTC, RC5
00AC   2???           00502     GOTO    MOTOR_STATE_ARM1
00AD   1907           00503     BTFSC   PORTC, RC2
00AE   3407           00504     RETLW   0X07
00AF   1E07           00505     BTFSS   PORTC, RC4
00B0   3406           00506     RETLW   0X06
00B1   3405           00507     RETLW   0X05
00B2                  00508 MOTOR_STATE_ARM1
00B2   1D87           00509     BTFSS   PORTC, RC3
00B3   2???           00510     GOTO    MOTOR_STATE_ARM2
00B4   1907           00511     BTFSC   PORTC, RC2
00B5   3401           00512     RETLW   0X01
00B6   1E07           00513     BTFSS   PORTC, RC4
00B7   3402           00514     RETLW   0X02
00B8   3403           00515     RETLW   0X03
00B9                  00516 MOTOR_STATE_ARM2
00B9   1E07           00517     BTFSS   PORTC, RC4
00BA   3400           00518     RETLW   0X00
00BB   3404           00519     RETLW   0X04
MPASM 5.55  /HOME/GILSON/MPLABXPROJECTS/BASC   3-24-2014  5:44:55         PAGE 11


LOC  OBJECT CODE     LINE SOURCE TEXT
  VALUE

                      00520 
                      00521 ;=============================================================================
                      00522 ;
                      00523 ;   padrão de ativação das bobinas do motor de passo para meio passo
                      00524 ;
                      00525 ;=============================================================================
                      00526 
00BC                  00527 BIT_PATTERN:
00BC   3907           00528     ANDLW   0X07        ; remove possíveis saltos para fora da tabela
00BD   0782           00529     ADDWF   PCL, F      ; move o PC para a posição desejada
00BE   3404           00530     RETLW b'00000100'   ; A
00BF   340C           00531     RETLW b'00001100'   ; A~B
00C0   3408           00532     RETLW b'00001000'   ; ~B
00C1   3418           00533     RETLW b'00011000'   ; ~A~B
00C2   3410           00534     RETLW b'00010000'   ; ~A
00C3   3430           00535     RETLW b'00110000'   ; ~AB
00C4   3420           00536     RETLW b'00100000'   ; B
00C5   3424           00537     RETLW b'00100100'   ; AB
                      00538 
                      00539 ;============================================================================
                      00540 ;
                      00541 ;   CONTROLE REMOTO SONY RMT-V297C
                      00542 ;
                      00543 ;   CÓDIGO DE DISPOSITIVO
                      00544 ;   TV
                      00545 ;   SIRC12  00001
                      00546 ;
                      00547 ;   VCR
                      00548 ;   SIRC12  01011
                      00549 ;   SIRC15  10111010
                      00550 ;
                      00551 ;
                      00552 ;   KEYMAP:
                      00553 ;
                      00554 ;   1                           0x00    VCR/TV
                      00555 ;   2                           0x01    VCR/TV
                      00556 ;   3                           0x02    VCR/TV
                      00557 ;   4                           0x03    VCR/TV
                      00558 ;   5                           0x04    VCR/TV
                      00559 ;   6                           0x05    VCR/TV
                      00560 ;   7                           0x06    VCR/TV
                      00561 ;   8                           0x07    VCR/TV
                      00562 ;   9                           0x08    VCR/TV
                      00563 ;   0                           0x09    VCR/TV
                      00564 ;   ENTER                       0x0B    VCR/TV
                      00565 ;
                      00566 ;   CH+                         0x10    VCR/TV
                      00567 ;   CH-                         0x11    VCR/TV
                      00568 ;   VOL+                        0x12    TV
                      00569 ;   VOL-                        0x13    TV
                      00570 ;   X2                          0x14    VCR
                      00571 ;   POWER                       0x15    VCR/TV
                      00572 ;   EJECT                       0x16    VCR
MPASM 5.55  /HOME/GILSON/MPLABXPROJECTS/BASC   3-24-2014  5:44:55         PAGE 12


LOC  OBJECT CODE     LINE SOURCE TEXT
  VALUE

                      00573 ;   AUDIO MONITOR       0x17    VCR/TV
                      00574 ;   REC                         0x1D    VCR
                      00575 ;   SLOW                        0x23    VCR
                      00576 ;   TV/VIDEO            0x25    TV
                      00577 ;   TV/VIDEO            0x2A    VCR
                      00578 ;   DISPLAY                     0x3A    TV
                      00579 ;   MENU                        0x4D    VCR
                      00580 ;   INPUT SELECT        0x4F    VCR
                      00581 ;   INDEX RIGHT         0x56    VCR
                      00582 ;   INDEX LEFT          0x57    VCR
                      00583 ;   SP/EP                       0x58    VCR
                      00584 ;   DISPLAY                     0x5A    VCR
                      00585 ;   EASY TIMER          0x60    VCR
                      00586 ;   CLEAR                       0x63    VCR
                      00587 ;
                      00588 ;   UP                          0x0E    VCR SIRC15
                      00589 ;   DOWN                        0x0F    VCR SIRC15
                      00590 ;   LEFT                        0x10    VCR SIRC15
                      00591 ;   RIGHT                       0x11    VCR SIRC15
                      00592 ;   PLAY/OK                     0x18    VCR SIRC15
                      00593 ;
                      00594 ;
                      00595 ;============================================================================
                      00596 
00C6                  00597 REMOTE_CONTROL_COMMANDS:
00C6   393F           00598     ANDLW   0X3F        ; remove possíveis saltos para fora da tabela
00C7   0782           00599     ADDWF   PCL, F      ; move o PC para a posição desejada
                      00600 
                      00601 ;   1                           0x00    VCR/TV
                      00602 ;   2                           0x01    VCR/TV
                      00603 ;   3                           0x02    VCR/TV
                      00604 ;   4                           0x03    VCR/TV
                      00605 ;   5                           0x04    VCR/TV
                      00606 ;   6                           0x05    VCR/TV
                      00607 ;   7                           0x06    VCR/TV
                      00608 ;   8                           0x07    VCR/TV
                      00609 ;   9                           0x08    VCR/TV
                      00610 ;   0                           0x09    VCR/TV
                      00611 ;                   0x0A
                      00612 ;   ENTER                       0x0B    VCR/TV
                      00613 ;                   0x0C
                      00614 ;                   0x0D
                      00615 ;                   0x0E
                      00616 ;                   0x0F
                      00617 ;   CH+                         0x10    VCR/TV
                      00618 ;   CH-                         0x11    VCR/TV
                      00619 ;   VOL+                        0x12    TV
                      00620 ;   VOL-                        0x13    TV
                      00621 ;                   0x14
                      00622 ;   POWER                       0x15    VCR/TV
                      00623 ;                   0x16
                      00624 ;   AUDIO MONITOR       0x17    VCR/TV
                      00625 ;                   0x18
MPASM 5.55  /HOME/GILSON/MPLABXPROJECTS/BASC   3-24-2014  5:44:55         PAGE 13


LOC  OBJECT CODE     LINE SOURCE TEXT
  VALUE

                      00626 ;                   0x19
                      00627 ;                   0x1A
                      00628 ;                   0x1B
                      00629 ;                   0x1C
                      00630 ;                   0x1D
                      00631 ;                   0x1E
                      00632 ;                   0x1F
                      00633 ;                   0x20
                      00634 ;                   0x21
                      00635 ;                   0x22
                      00636 ;                   0x23
                      00637 ;                   0x24
                      00638 ;   TV/VIDEO            0x25    TV
                      00639 ;                   0x26
                      00640 ;                   0x27
                      00641 ;                   0x28
                      00642 ;                   0x29
                      00643 ;                   0x2A
                      00644 ;                   0x2B
                      00645 ;                   0x2C
                      00646 ;                   0x2D
                      00647 ;                   0x2E
                      00648 ;                   0x2F
                      00649 ;                   0x30
                      00650 ;                   0x31
                      00651 ;                   0x32
                      00652 ;                   0x33
                      00653 ;                   0x34
                      00654 ;                   0x35
                      00655 ;                   0x36
                      00656 ;                   0x37
                      00657 ;                   0x38
                      00658 ;                   0x39
                      00659 ;   DISPLAY                     0x3A    TV
                      00660 ;                   0x3B
                      00661 ;                   0x3C
                      00662 ;                   0x3D
                      00663 ;                   0x3E
                      00664 ;                   0x3F
                      00665 
                      00666 
                      00667 
                      00668 
3FF4                  00669     END                         ; directive 'end of program'
MPASM 5.55  /HOME/GILSON/MPLABXPROJECTS/BASC   3-24-2014  5:44:55         PAGE 14


SYMBOL TABLE
  LABEL                             VALUE 

ADCON0                            0000001F
ADCON1                            0000009F
ADCS0                             00000004
ADCS1                             00000005
ADCS2                             00000006
ADDR_EE_POS                       00000000
ADFM                              00000007
ADIE                              00000006
ADIF                              00000006
ADON                              00000000
ADRESH                            0000001E
ADRESL                            0000009E
AD_DONE                           0000008E
ANS0                              00000000
ANS1                              00000001
ANS2                              00000002
ANS3                              00000003
ANS4                              00000004
ANS5                              00000005
ANS6                              00000006
ANS7                              00000007
ANSEL                             00000091
BIT_PATTERN                       000000BC
C                                 00000000
C1IE                              00000003
C1IF                              00000003
C1INV                             00000004
C1OUT                             00000006
C2IE                              00000004
C2IF                              00000004
C2INV                             00000005
C2OUT                             00000007
C2SYNC                            00000000
CCP1CON                           00000015
CCP1IE                            00000005
CCP1IF                            00000005
CCP1M0                            00000000
CCP1M1                            00000001
CCP1M2                            00000002
CCP1M3                            00000003
CCPR1                             00000013
CCPR1H                            00000014
CCPR1L                            00000013
CHS0                              00000002
CHS1                              00000003
CHS2                              00000004
CIS                               00000003
CM0                               00000000
CM1                               00000001
CM2                               00000002
CMCON0                            00000019
CMCON1                            0000001A
DC                                00000001
MPASM 5.55  /HOME/GILSON/MPLABXPROJECTS/BASC   3-24-2014  5:44:55         PAGE 15


SYMBOL TABLE
  LABEL                             VALUE 

DC1B0                             00000004
DC1B1                             00000005
DELAYms                           00000011
DEVICE                            00000001
ECCPAS                            00000017
ECCPAS0                           00000004
ECCPAS1                           00000005
ECCPAS2                           00000006
ECCPASE                           00000007
ECCPIE                            00000005
ECCPIF                            00000005
EEADR                             0000009B
EECON1                            0000009C
EECON2                            0000009D
EEDAT                             0000009A
EEDATA                            0000009A
EEIE                              00000007
EEIF                              00000007
END_INTERRUPT                     0000000B
F                                 00000001
FSR                               00000004
GIE                               00000007
GO                                00000001
GO_DONE                           00000001
GO_NOT_DONE                       00000001
HTS                               00000002
INDF                              00000000
INIT_IrDA                         0000001B
INTCON                            0000000B
INTE                              00000004
INTEDG                            00000006
INTERRUPT                         00000004
INTF                              00000001
IOC                               00000096
IOC0                              00000000
IOC1                              00000001
IOC2                              00000002
IOC3                              00000003
IOC4                              00000004
IOC5                              00000005
IOCA                              00000096
IOCA0                             00000000
IOCA1                             00000001
IOCA2                             00000002
IOCA3                             00000003
IOCA4                             00000004
IOCA5                             00000005
IRCF0                             00000004
IRCF1                             00000005
IRCF2                             00000006
IRP                               00000007
IrDA_COMMAND_12_BITS              00000054
IrDA_COMMAND_15_BITS              0000005C
MPASM 5.55  /HOME/GILSON/MPLABXPROJECTS/BASC   3-24-2014  5:44:55         PAGE 16


SYMBOL TABLE
  LABEL                             VALUE 

IrDA_DATA                         00000007
IrDA_FALL                         00000020
IrDA_FALLING                      0000000E
IrDA_FALL_ABORT                   00000027
IrDA_FALL_SAMPLE                  0000002A
IrDA_FALL_SAMPLE_1                00000029
IrDA_SAMPLER                      0000002D
IrDA_SAMPLER_1                    00000036
IrDA_SAMPLER_3                    0000003D
IrDA_SAMPLER_5                    00000040
IrDA_SAMPLER_ABORT                0000006B
IrDA_TIME                         00000010
IrDA_bits                         00000005
IrDA_comand                       0000000A
IrDA_device                       0000000B
IrDA_discard                      00000006
IrDAb                             00000002
IrDAp                             00000005
LDR_REFRESH                       0000008C
LOOP_MAIN                         00000029
LTS                               00000001
MOTOR_DIRECT                      0000009F
MOTOR_DO                          000000A5
MOTOR_OFF                         0000009D
MOTOR_REVERSE                     000000A1
MOTOR_STATE                       000000AB
MOTOR_STATE_ARM1                  000000B2
MOTOR_STATE_ARM2                  000000B9
NOT_BOD                           00000000
NOT_BOR                           00000000
NOT_DONE                          00000001
NOT_PD                            00000003
NOT_POR                           00000001
NOT_RAPU                          00000007
NOT_T1SYNC                        00000002
NOT_TO                            00000004
OPTION_REG                        00000081
OSCCON                            0000008F
OSCTUNE                           00000090
OSFIE                             00000002
OSFIF                             00000002
OSTS                              00000003
P1M0                              00000006
P1M1                              00000007
PCL                               00000002
PCLATH                            0000000A
PCON                              0000008E
PDC0                              00000000
PDC1                              00000001
PDC2                              00000002
PDC3                              00000003
PDC4                              00000004
PDC5                              00000005
MPASM 5.55  /HOME/GILSON/MPLABXPROJECTS/BASC   3-24-2014  5:44:55         PAGE 17


SYMBOL TABLE
  LABEL                             VALUE 

PDC6                              00000006
PEIE                              00000006
PIE1                              0000008C
PIR1                              0000000C
POPCTX                            0000000B
POPW                              00000003
PORTA                             00000005
PORTC                             00000007
PR2                               00000092
PRSEN                             00000007
PS0                               00000000
PS1                               00000001
PS2                               00000002
PSA                               00000003
PSSAC0                            00000002
PSSAC1                            00000003
PSSBD0                            00000000
PSSBD1                            00000001
PUSHCTX                           00000007
PUSHW                             00000000
PWM1CON                           00000016
RA0                               00000000
RA1                               00000001
RA2                               00000002
RA3                               00000003
RA4                               00000004
RA5                               00000005
RAIE                              00000003
RAIF                              00000000
RC0                               00000000
RC1                               00000001
RC2                               00000002
RC3                               00000003
RC4                               00000004
RC5                               00000005
RD                                00000000
READ_EEPROM                       00000080
RECORD_EEPROM                     0000006D
REFRESH_END                       0000009A
REMOTE_CONTROL_COMMANDS           000000C6
RP0                               00000005
RP1                               00000006
SBODEN                            00000004
SBOREN                            00000004
SCS                               00000000
STACK_BASE                        00000020
STACK_LIMIT                       0000006F
STATUS                            00000003
SWDTEN                            00000000
T0CS                              00000005
T0IE                              00000005
T0IF                              00000002
T0SE                              00000004
MPASM 5.55  /HOME/GILSON/MPLABXPROJECTS/BASC   3-24-2014  5:44:55         PAGE 18


SYMBOL TABLE
  LABEL                             VALUE 

T1CKPS0                           00000004
T1CKPS1                           00000005
T1CON                             00000010
T1GINV                            00000007
T1GSS                             00000001
T1IE                              00000000
T1IF                              00000000
T1OSCEN                           00000003
T2CKPS0                           00000000
T2CKPS1                           00000001
T2CON                             00000012
T2IE                              00000001
T2IF                              00000001
TMR0                              00000001
TMR0IE                            00000005
TMR0IF                            00000002
TMR1                              0000000E
TMR1CS                            00000001
TMR1GE                            00000006
TMR1H                             0000000F
TMR1IE                            00000000
TMR1IF                            00000000
TMR1L                             0000000E
TMR1ON                            00000000
TMR2                              00000011
TMR2IE                            00000001
TMR2IF                            00000001
TMR2ON                            00000002
TOUTPS0                           00000003
TOUTPS1                           00000004
TOUTPS2                           00000005
TOUTPS3                           00000006
TRISA                             00000085
TRISA0                            00000000
TRISA1                            00000001
TRISA2                            00000002
TRISA3                            00000003
TRISA4                            00000004
TRISA5                            00000005
TRISC                             00000087
TRISC0                            00000000
TRISC1                            00000001
TRISC2                            00000002
TRISC3                            00000003
TRISC4                            00000004
TRISC5                            00000005
TUN0                              00000000
TUN1                              00000001
TUN2                              00000002
TUN3                              00000003
TUN4                              00000004
ULPWUE                            00000005
VCFG                              00000006
MPASM 5.55  /HOME/GILSON/MPLABXPROJECTS/BASC   3-24-2014  5:44:55         PAGE 19


SYMBOL TABLE
  LABEL                             VALUE 

VR0                               00000000
VR1                               00000001
VR2                               00000002
VR3                               00000003
VRCON                             00000099
VREN                              00000007
VRR                               00000005
W                                 00000000
WDTCON                            00000018
WDTPS0                            00000001
WDTPS1                            00000002
WDTPS2                            00000003
WDTPS3                            00000004
WPU                               00000095
WPU0                              00000000
WPU1                              00000001
WPU2                              00000002
WPU4                              00000004
WPU5                              00000005
WPUA                              00000095
WPUA0                             00000000
WPUA1                             00000001
WPUA2                             00000002
WPUA4                             00000004
WPUA5                             00000005
WR                                00000001
WREN                              00000002
WRERR                             00000003
Z                                 00000002
_BOD_NSLEEP                       00003EFF
_BOD_OFF                          00003CFF
_BOD_ON                           00003FFF
_BOD_SBODEN                       00003DFF
_BOREN_NSLEEP                     00003EFF
_BOREN_OFF                        00003CFF
_BOREN_ON                         00003FFF
_BOREN_SBODEN                     00003DFF
_CONFIG                           00002007
_CPD_OFF                          00003FFF
_CPD_ON                           00003F7F
_CP_OFF                           00003FFF
_CP_ON                            00003FBF
_DEVID1                           00002006
_EC_OSC                           00003FFB
_EXTRC                            00003FFF
_EXTRCIO                          00003FFE
_EXTRC_OSC_CLKOUT                 00003FFF
_EXTRC_OSC_NOCLKOUT               00003FFE
_FCMEN_OFF                        000037FF
_FCMEN_ON                         00003FFF
_FOSC_EC                          00003FFB
_FOSC_EXTRCCLK                    00003FFF
_FOSC_EXTRCIO                     00003FFE
MPASM 5.55  /HOME/GILSON/MPLABXPROJECTS/BASC   3-24-2014  5:44:55         PAGE 20


SYMBOL TABLE
  LABEL                             VALUE 

_FOSC_HS                          00003FFA
_FOSC_INTOSCCLK                   00003FFD
_FOSC_INTOSCIO                    00003FFC
_FOSC_LP                          00003FF8
_FOSC_XT                          00003FF9
_FUNCTIONS_0019                   00000019
_FUNCTIONS_006F                   0000006F
_FUNCTIONS_007C                   0000007C
_FUNCTIONS_0086                   00000086
_FUNCTIONS_00A0                   000000A0
_HS_OSC                           00003FFA
_IDLOC0                           00002000
_IDLOC1                           00002001
_IDLOC2                           00002002
_IDLOC3                           00002003
_IESO_OFF                         00003BFF
_IESO_ON                          00003FFF
_INTOSC                           00003FFD
_INTOSCIO                         00003FFC
_INTRC_OSC_CLKOUT                 00003FFD
_INTRC_OSC_NOCLKOUT               00003FFC
_LP_OSC                           00003FF8
_MCLRE_OFF                        00003FDF
_MCLRE_ON                         00003FFF
_PWRTE_OFF                        00003FFF
_PWRTE_ON                         00003FEF
_WDTE_OFF                         00003FF7
_WDTE_ON                          00003FFF
_WDT_OFF                          00003FF7
_WDT_ON                           00003FFF
_XT_OSC                           00003FF9
__16F684                          00000001
__DEBUG                           
motor_pos                         00000004
pos_value                         00000003
record_addr                       0000000D
record_data                       0000000C
start                             00000000
status_temp                       00000002
w_bk                              00000001
w_temp                            00000000

Errors   :     0
Warnings :     0 reported,     0 suppressed
Messages :     0 reported,    23 suppressed

